;  LST file generated by mikroListExporter - v.2.0 
; Date/Time: 7/6/2013 12:31:23 PM
;----------------------------------------------

;Address Opcode 	ASM
0x0000	0x28E1      	GOTO       225
_interrupt:
0x0004	0x00FF      	MOVWF      R15
0x0005	0x0E03      	SWAPF      STATUS, 0
0x0006	0x0183      	CLRF       STATUS
0x0007	0x00A6      	MOVWF      ___saveSTATUS
0x0008	0x080A      	MOVF       PCLATH, 0
0x0009	0x00A5      	MOVWF      ___savePCLATH
0x000A	0x018A      	CLRF       PCLATH
0x000B	0x0870      	MOVF       R0, 0
0x000C	0x00A0      	MOVWF      32
;TIMER_2_SINGLE_PWM.c,19 :: 		void interrupt (void)
;TIMER_2_SINGLE_PWM.c,20 :: 		{if (TMR2IE_bit=1 && TMR2IF_bit==1)
0x000D	0x1C8C      	BTFSS      TMR2IF_bit, 1
0x000E	0x2812      	GOTO       L_interrupt1
0x000F	0x3001      	MOVLW      1
0x0010	0x00F0      	MOVWF      R0
0x0011	0x2813      	GOTO       L_interrupt0
L_interrupt1:
0x0012	0x01F0      	CLRF       R0
L_interrupt0:
0x0013	0x1870      	BTFSC      R0, 0
0x0014	0x2818      	GOTO       L__interrupt8
0x0015	0x1683      	BSF        STATUS, 5
0x0016	0x108C      	BCF        TMR2IE_bit, 1
0x0017	0x281A      	GOTO       L__interrupt9
L__interrupt8:
0x0018	0x1683      	BSF        STATUS, 5
0x0019	0x148C      	BSF        TMR2IE_bit, 1
L__interrupt9:
0x001A	0x1C8C      	BTFSS      TMR2IE_bit, 1
0x001B	0x2821      	GOTO       L_interrupt2
;TIMER_2_SINGLE_PWM.c,22 :: 		count++;
0x001C	0x1283      	BCF        STATUS, 5
0x001D	0x0AA1      	INCF       _count, 1
0x001E	0x1903      	BTFSC      STATUS, 2
0x001F	0x0AA2      	INCF       _count+1, 1
;TIMER_2_SINGLE_PWM.c,26 :: 		TMR2IF_bit=0;
0x0020	0x108C      	BCF        TMR2IF_bit, 1
;TIMER_2_SINGLE_PWM.c,28 :: 		}
L_interrupt2:
;TIMER_2_SINGLE_PWM.c,29 :: 		}
L__interrupt7:
0x0021	0x1283      	BCF        STATUS, 5
0x0022	0x0820      	MOVF       32, 0
0x0023	0x00F0      	MOVWF      R0
0x0024	0x0825      	MOVF       ___savePCLATH, 0
0x0025	0x008A      	MOVWF      PCLATH
0x0026	0x0E26      	SWAPF      ___saveSTATUS, 0
0x0027	0x0083      	MOVWF      STATUS
0x0028	0x0EFF      	SWAPF      R15, 1
0x0029	0x0E7F      	SWAPF      R15, 0
0x002A	0x0009      	RETFIE
; end of _interrupt
_Delay_1us:
;__Lib_Delays.c,7 :: 		void Delay_1us() {
;__Lib_Delays.c,8 :: 		Delay_us(1);
0x002B	0x0000      	NOP
;__Lib_Delays.c,9 :: 		}
0x002C	0x0008      	RETURN
; end of _Delay_1us
_Delay_50us:
;__Lib_Delays.c,19 :: 		void Delay_50us() {
;__Lib_Delays.c,20 :: 		Delay_us(50);
0x002D	0x3010      	MOVLW      16
0x002E	0x1283      	BCF        STATUS, 5
0x002F	0x1303      	BCF        STATUS, 6
0x0030	0x00FD      	MOVWF      R13
L_Delay_50us2:
0x0031	0x0BFD      	DECFSZ     R13, 1
0x0032	0x2831      	GOTO       L_Delay_50us2
0x0033	0x0000      	NOP
;__Lib_Delays.c,21 :: 		}
0x0034	0x0008      	RETURN
; end of _Delay_50us
_Delay_5500us:
;__Lib_Delays.c,31 :: 		void Delay_5500us() {
;__Lib_Delays.c,32 :: 		Delay_us(5500);
0x0035	0x3008      	MOVLW      8
0x0036	0x1283      	BCF        STATUS, 5
0x0037	0x1303      	BCF        STATUS, 6
0x0038	0x00FC      	MOVWF      R12
0x0039	0x3023      	MOVLW      35
0x003A	0x00FD      	MOVWF      R13
L_Delay_5500us5:
0x003B	0x0BFD      	DECFSZ     R13, 1
0x003C	0x283B      	GOTO       L_Delay_5500us5
0x003D	0x0BFC      	DECFSZ     R12, 1
0x003E	0x283B      	GOTO       L_Delay_5500us5
;__Lib_Delays.c,33 :: 		}
0x003F	0x0008      	RETURN
; end of _Delay_5500us
_____DoICP:
;__Lib_System.c,6 :: 		
;__Lib_System.c,9 :: 		
0x0040	0x1283      	BCF        STATUS, 5
0x0041	0x1303      	BCF        STATUS, 6
0x0042	0x0824      	MOVF       ___DoICPAddr+1, 0
0x0043	0x008A      	MOVWF      PCLATH
;__Lib_System.c,10 :: 		
0x0044	0x0823      	MOVF       ___DoICPAddr, 0
0x0045	0x0082      	MOVWF      PCL
;__Lib_System.c,12 :: 		
0x0046	0x0008      	RETURN
; end of _____DoICP
_Lcd_Init:
;__Lib_Lcd.c,84 :: 		
;__Lib_Lcd.c,86 :: 		
0x0047	0x1683      	BSF        STATUS, 5
0x0048	0x1303      	BCF        STATUS, 6
0x0049	0x1085      	BCF        LCD_EN_Direction, BitPos(LCD_EN_Direction+0)
;__Lib_Lcd.c,87 :: 		
0x004A	0x1005      	BCF        LCD_RS_Direction, BitPos(LCD_RS_Direction+0)
;__Lib_Lcd.c,88 :: 		
0x004B	0x1007      	BCF        LCD_D4_Direction, BitPos(LCD_D4_Direction+0)
;__Lib_Lcd.c,89 :: 		
0x004C	0x1087      	BCF        LCD_D5_Direction, BitPos(LCD_D5_Direction+0)
;__Lib_Lcd.c,90 :: 		
0x004D	0x1107      	BCF        LCD_D6_Direction, BitPos(LCD_D6_Direction+0)
;__Lib_Lcd.c,91 :: 		
0x004E	0x1187      	BCF        LCD_D7_Direction, BitPos(LCD_D7_Direction+0)
;__Lib_Lcd.c,93 :: 		
0x004F	0x1283      	BCF        STATUS, 5
0x0050	0x1085      	BCF        LCD_EN, BitPos(LCD_EN+0)
;__Lib_Lcd.c,94 :: 		
0x0051	0x1005      	BCF        LCD_RS, BitPos(LCD_RS+0)
;__Lib_Lcd.c,95 :: 		
0x0052	0x1187      	BCF        LCD_D7, BitPos(LCD_D7+0)
;__Lib_Lcd.c,96 :: 		
0x0053	0x1107      	BCF        LCD_D6, BitPos(LCD_D6+0)
;__Lib_Lcd.c,97 :: 		
0x0054	0x1087      	BCF        LCD_D5, BitPos(LCD_D5+0)
;__Lib_Lcd.c,98 :: 		
0x0055	0x1007      	BCF        LCD_D4, BitPos(LCD_D4+0)
;__Lib_Lcd.c,100 :: 		
0x0056	0x2035      	CALL       _Delay_5500us
;__Lib_Lcd.c,101 :: 		
0x0057	0x2035      	CALL       _Delay_5500us
;__Lib_Lcd.c,102 :: 		
0x0058	0x2035      	CALL       _Delay_5500us
;__Lib_Lcd.c,105 :: 		
0x0059	0x1487      	BSF        LCD_D5, BitPos(LCD_D5+0)
;__Lib_Lcd.c,106 :: 		
0x005A	0x1407      	BSF        LCD_D4, BitPos(LCD_D4+0)
;__Lib_Lcd.c,107 :: 		
0x005B	0x1485      	BSF        LCD_EN, BitPos(LCD_EN+0)
;__Lib_Lcd.c,108 :: 		
0x005C	0x202B      	CALL       _Delay_1us
;__Lib_Lcd.c,109 :: 		
0x005D	0x1085      	BCF        LCD_EN, BitPos(LCD_EN+0)
;__Lib_Lcd.c,110 :: 		
0x005E	0x2035      	CALL       _Delay_5500us
;__Lib_Lcd.c,112 :: 		
0x005F	0x1485      	BSF        LCD_EN, BitPos(LCD_EN+0)
;__Lib_Lcd.c,113 :: 		
0x0060	0x202B      	CALL       _Delay_1us
;__Lib_Lcd.c,114 :: 		
0x0061	0x1085      	BCF        LCD_EN, BitPos(LCD_EN+0)
;__Lib_Lcd.c,115 :: 		
0x0062	0x2035      	CALL       _Delay_5500us
;__Lib_Lcd.c,117 :: 		
0x0063	0x1485      	BSF        LCD_EN, BitPos(LCD_EN+0)
;__Lib_Lcd.c,118 :: 		
0x0064	0x202B      	CALL       _Delay_1us
;__Lib_Lcd.c,119 :: 		
0x0065	0x1085      	BCF        LCD_EN, BitPos(LCD_EN+0)
;__Lib_Lcd.c,120 :: 		
0x0066	0x2035      	CALL       _Delay_5500us
;__Lib_Lcd.c,123 :: 		
0x0067	0x1007      	BCF        LCD_D4, BitPos(LCD_D4+0)
;__Lib_Lcd.c,124 :: 		
0x0068	0x1485      	BSF        LCD_EN, BitPos(LCD_EN+0)
;__Lib_Lcd.c,125 :: 		
0x0069	0x202B      	CALL       _Delay_1us
;__Lib_Lcd.c,126 :: 		
0x006A	0x1085      	BCF        LCD_EN, BitPos(LCD_EN+0)
;__Lib_Lcd.c,127 :: 		
0x006B	0x2035      	CALL       _Delay_5500us
;__Lib_Lcd.c,130 :: 		
0x006C	0x1485      	BSF        LCD_EN, BitPos(LCD_EN+0)
;__Lib_Lcd.c,131 :: 		
0x006D	0x202B      	CALL       _Delay_1us
;__Lib_Lcd.c,132 :: 		
0x006E	0x1085      	BCF        LCD_EN, BitPos(LCD_EN+0)
;__Lib_Lcd.c,134 :: 		
0x006F	0x1087      	BCF        LCD_D5, BitPos(LCD_D5+0)
;__Lib_Lcd.c,135 :: 		
0x0070	0x1587      	BSF        LCD_D7, BitPos(LCD_D7+0)
;__Lib_Lcd.c,136 :: 		
0x0071	0x1485      	BSF        LCD_EN, BitPos(LCD_EN+0)
;__Lib_Lcd.c,137 :: 		
0x0072	0x202B      	CALL       _Delay_1us
;__Lib_Lcd.c,138 :: 		
0x0073	0x1085      	BCF        LCD_EN, BitPos(LCD_EN+0)
;__Lib_Lcd.c,139 :: 		
0x0074	0x2035      	CALL       _Delay_5500us
;__Lib_Lcd.c,142 :: 		
0x0075	0x1187      	BCF        LCD_D7, BitPos(LCD_D7+0)
;__Lib_Lcd.c,143 :: 		
0x0076	0x1407      	BSF        LCD_D4, BitPos(LCD_D4+0)
;__Lib_Lcd.c,144 :: 		
0x0077	0x1485      	BSF        LCD_EN, BitPos(LCD_EN+0)
;__Lib_Lcd.c,145 :: 		
0x0078	0x202B      	CALL       _Delay_1us
;__Lib_Lcd.c,146 :: 		
0x0079	0x1085      	BCF        LCD_EN, BitPos(LCD_EN+0)
;__Lib_Lcd.c,148 :: 		
0x007A	0x1007      	BCF        LCD_D4, BitPos(LCD_D4+0)
;__Lib_Lcd.c,149 :: 		
0x007B	0x1485      	BSF        LCD_EN, BitPos(LCD_EN+0)
;__Lib_Lcd.c,150 :: 		
0x007C	0x202B      	CALL       _Delay_1us
;__Lib_Lcd.c,151 :: 		
0x007D	0x1085      	BCF        LCD_EN, BitPos(LCD_EN+0)
;__Lib_Lcd.c,152 :: 		
0x007E	0x2035      	CALL       _Delay_5500us
;__Lib_Lcd.c,155 :: 		
0x007F	0x1485      	BSF        LCD_EN, BitPos(LCD_EN+0)
;__Lib_Lcd.c,156 :: 		
0x0080	0x202B      	CALL       _Delay_1us
;__Lib_Lcd.c,157 :: 		
0x0081	0x1085      	BCF        LCD_EN, BitPos(LCD_EN+0)
;__Lib_Lcd.c,159 :: 		
0x0082	0x1407      	BSF        LCD_D4, BitPos(LCD_D4+0)
;__Lib_Lcd.c,160 :: 		
0x0083	0x1485      	BSF        LCD_EN, BitPos(LCD_EN+0)
;__Lib_Lcd.c,161 :: 		
0x0084	0x202B      	CALL       _Delay_1us
;__Lib_Lcd.c,162 :: 		
0x0085	0x1085      	BCF        LCD_EN, BitPos(LCD_EN+0)
;__Lib_Lcd.c,163 :: 		
0x0086	0x2035      	CALL       _Delay_5500us
;__Lib_Lcd.c,166 :: 		
0x0087	0x1007      	BCF        LCD_D4, BitPos(LCD_D4+0)
;__Lib_Lcd.c,167 :: 		
0x0088	0x1485      	BSF        LCD_EN, BitPos(LCD_EN+0)
;__Lib_Lcd.c,168 :: 		
0x0089	0x202B      	CALL       _Delay_1us
;__Lib_Lcd.c,169 :: 		
0x008A	0x1085      	BCF        LCD_EN, BitPos(LCD_EN+0)
;__Lib_Lcd.c,171 :: 		
0x008B	0x1587      	BSF        LCD_D7, BitPos(LCD_D7+0)
;__Lib_Lcd.c,172 :: 		
0x008C	0x1507      	BSF        LCD_D6, BitPos(LCD_D6+0)
;__Lib_Lcd.c,173 :: 		
0x008D	0x1487      	BSF        LCD_D5, BitPos(LCD_D5+0)
;__Lib_Lcd.c,174 :: 		
0x008E	0x1407      	BSF        LCD_D4, BitPos(LCD_D4+0)
;__Lib_Lcd.c,175 :: 		
0x008F	0x1485      	BSF        LCD_EN, BitPos(LCD_EN+0)
;__Lib_Lcd.c,176 :: 		
0x0090	0x202B      	CALL       _Delay_1us
;__Lib_Lcd.c,177 :: 		
0x0091	0x1085      	BCF        LCD_EN, BitPos(LCD_EN+0)
;__Lib_Lcd.c,179 :: 		
0x0092	0x2035      	CALL       _Delay_5500us
;__Lib_Lcd.c,181 :: 		
0x0093	0x1427      	BSF        __Lib_Lcd_cmd_status, BitPos(__Lib_Lcd_cmd_status+0)
;__Lib_Lcd.c,182 :: 		
0x0094	0x0008      	RETURN
; end of _Lcd_Init
_Lcd_Cmd:
;__Lib_Lcd.c,18 :: 		
;__Lib_Lcd.c,20 :: 		
0x0095	0x1283      	BCF        STATUS, 5
0x0096	0x1303      	BCF        STATUS, 6
0x0097	0x1BA8      	BTFSC      FARG_Lcd_Cmd_out_char, 7
0x0098	0x289B      	GOTO       L__Lcd_Cmd20
0x0099	0x1187      	BCF        LCD_D7, BitPos(LCD_D7+0)
0x009A	0x289C      	GOTO       L__Lcd_Cmd21
L__Lcd_Cmd20:
0x009B	0x1587      	BSF        LCD_D7, BitPos(LCD_D7+0)
L__Lcd_Cmd21:
;__Lib_Lcd.c,21 :: 		
0x009C	0x1B28      	BTFSC      FARG_Lcd_Cmd_out_char, 6
0x009D	0x28A0      	GOTO       L__Lcd_Cmd22
0x009E	0x1107      	BCF        LCD_D6, BitPos(LCD_D6+0)
0x009F	0x28A1      	GOTO       L__Lcd_Cmd23
L__Lcd_Cmd22:
0x00A0	0x1507      	BSF        LCD_D6, BitPos(LCD_D6+0)
L__Lcd_Cmd23:
;__Lib_Lcd.c,22 :: 		
0x00A1	0x1AA8      	BTFSC      FARG_Lcd_Cmd_out_char, 5
0x00A2	0x28A5      	GOTO       L__Lcd_Cmd24
0x00A3	0x1087      	BCF        LCD_D5, BitPos(LCD_D5+0)
0x00A4	0x28A6      	GOTO       L__Lcd_Cmd25
L__Lcd_Cmd24:
0x00A5	0x1487      	BSF        LCD_D5, BitPos(LCD_D5+0)
L__Lcd_Cmd25:
;__Lib_Lcd.c,23 :: 		
0x00A6	0x1A28      	BTFSC      FARG_Lcd_Cmd_out_char, 4
0x00A7	0x28AA      	GOTO       L__Lcd_Cmd26
0x00A8	0x1007      	BCF        LCD_D4, BitPos(LCD_D4+0)
0x00A9	0x28AB      	GOTO       L__Lcd_Cmd27
L__Lcd_Cmd26:
0x00AA	0x1407      	BSF        LCD_D4, BitPos(LCD_D4+0)
L__Lcd_Cmd27:
;__Lib_Lcd.c,25 :: 		
0x00AB	0x1827      	BTFSC      __Lib_Lcd_cmd_status, BitPos(__Lib_Lcd_cmd_status+0)
0x00AC	0x28AF      	GOTO       L__Lcd_Cmd28
0x00AD	0x1405      	BSF        LCD_RS, BitPos(LCD_RS+0)
0x00AE	0x28B0      	GOTO       L__Lcd_Cmd29
L__Lcd_Cmd28:
0x00AF	0x1005      	BCF        LCD_RS, BitPos(LCD_RS+0)
L__Lcd_Cmd29:
;__Lib_Lcd.c,28 :: 		
0x00B0	0x1485      	BSF        LCD_EN, BitPos(LCD_EN+0)
;__Lib_Lcd.c,29 :: 		
0x00B1	0x202B      	CALL       _Delay_1us
;__Lib_Lcd.c,30 :: 		
0x00B2	0x1085      	BCF        LCD_EN, BitPos(LCD_EN+0)
;__Lib_Lcd.c,33 :: 		
0x00B3	0x19A8      	BTFSC      FARG_Lcd_Cmd_out_char, 3
0x00B4	0x28B7      	GOTO       L__Lcd_Cmd30
0x00B5	0x1187      	BCF        LCD_D7, BitPos(LCD_D7+0)
0x00B6	0x28B8      	GOTO       L__Lcd_Cmd31
L__Lcd_Cmd30:
0x00B7	0x1587      	BSF        LCD_D7, BitPos(LCD_D7+0)
L__Lcd_Cmd31:
;__Lib_Lcd.c,34 :: 		
0x00B8	0x1928      	BTFSC      FARG_Lcd_Cmd_out_char, 2
0x00B9	0x28BC      	GOTO       L__Lcd_Cmd32
0x00BA	0x1107      	BCF        LCD_D6, BitPos(LCD_D6+0)
0x00BB	0x28BD      	GOTO       L__Lcd_Cmd33
L__Lcd_Cmd32:
0x00BC	0x1507      	BSF        LCD_D6, BitPos(LCD_D6+0)
L__Lcd_Cmd33:
;__Lib_Lcd.c,35 :: 		
0x00BD	0x18A8      	BTFSC      FARG_Lcd_Cmd_out_char, 1
0x00BE	0x28C1      	GOTO       L__Lcd_Cmd34
0x00BF	0x1087      	BCF        LCD_D5, BitPos(LCD_D5+0)
0x00C0	0x28C2      	GOTO       L__Lcd_Cmd35
L__Lcd_Cmd34:
0x00C1	0x1487      	BSF        LCD_D5, BitPos(LCD_D5+0)
L__Lcd_Cmd35:
;__Lib_Lcd.c,36 :: 		
0x00C2	0x1828      	BTFSC      FARG_Lcd_Cmd_out_char, 0
0x00C3	0x28C6      	GOTO       L__Lcd_Cmd36
0x00C4	0x1007      	BCF        LCD_D4, BitPos(LCD_D4+0)
0x00C5	0x28C7      	GOTO       L__Lcd_Cmd37
L__Lcd_Cmd36:
0x00C6	0x1407      	BSF        LCD_D4, BitPos(LCD_D4+0)
L__Lcd_Cmd37:
;__Lib_Lcd.c,38 :: 		
0x00C7	0x1827      	BTFSC      __Lib_Lcd_cmd_status, BitPos(__Lib_Lcd_cmd_status+0)
0x00C8	0x28CB      	GOTO       L__Lcd_Cmd38
0x00C9	0x1405      	BSF        LCD_RS, BitPos(LCD_RS+0)
0x00CA	0x28CC      	GOTO       L__Lcd_Cmd39
L__Lcd_Cmd38:
0x00CB	0x1005      	BCF        LCD_RS, BitPos(LCD_RS+0)
L__Lcd_Cmd39:
;__Lib_Lcd.c,40 :: 		
0x00CC	0x1485      	BSF        LCD_EN, BitPos(LCD_EN+0)
;__Lib_Lcd.c,41 :: 		
0x00CD	0x202B      	CALL       _Delay_1us
;__Lib_Lcd.c,42 :: 		
0x00CE	0x1085      	BCF        LCD_EN, BitPos(LCD_EN+0)
;__Lib_Lcd.c,44 :: 		
0x00CF	0x1C27      	BTFSS      __Lib_Lcd_cmd_status, BitPos(__Lib_Lcd_cmd_status+0)
0x00D0	0x28D3      	GOTO       L_Lcd_Cmd0
;__Lib_Lcd.c,45 :: 		
0x00D1	0x2035      	CALL       _Delay_5500us
0x00D2	0x28D4      	GOTO       L_Lcd_Cmd1
L_Lcd_Cmd0:
;__Lib_Lcd.c,47 :: 		
0x00D3	0x202D      	CALL       _Delay_50us
L_Lcd_Cmd1:
;__Lib_Lcd.c,48 :: 		
0x00D4	0x0008      	RETURN
; end of _Lcd_Cmd
___CC2DW:
;__Lib_System.c,24 :: 		
;__Lib_System.c,27 :: 		
_CC2D_Loop1:
;__Lib_System.c,29 :: 		
0x00D5	0x2040      	CALL       _____DoICP
0x00D6	0x118A      	BCF        PCLATH, 3
0x00D7	0x120A      	BCF        PCLATH, 4
;__Lib_System.c,31 :: 		
0x00D8	0x0080      	MOVWF      INDF
;__Lib_System.c,32 :: 		
0x00D9	0x0A84      	INCF       FSR, 1
;__Lib_System.c,33 :: 		
0x00DA	0x0AA3      	INCF       ___DoICPAddr, 1
;__Lib_System.c,35 :: 		
0x00DB	0x1903      	BTFSC      STATUS, 2
;__Lib_System.c,36 :: 		
0x00DC	0x0AA4      	INCF       ___DoICPAddr+1, 1
;__Lib_System.c,37 :: 		
0x00DD	0x03F0      	DECF       R0, 1
;__Lib_System.c,39 :: 		
0x00DE	0x1D03      	BTFSS      STATUS, 2
;__Lib_System.c,40 :: 		
0x00DF	0x28D5      	GOTO       _CC2D_Loop1
;__Lib_System.c,42 :: 		
0x00E0	0x0008      	RETURN
; end of ___CC2DW
_main:
0x00E1	0x1283      	BCF        STATUS, 5
0x00E2	0x1303      	BCF        STATUS, 6
0x00E3	0x01A1      	CLRF       _count
0x00E4	0x01A2      	CLRF       34
;TIMER_2_SINGLE_PWM.c,32 :: 		void main()
;TIMER_2_SINGLE_PWM.c,33 :: 		{   TRISA=0x00;
0x00E5	0x1683      	BSF        STATUS, 5
0x00E6	0x0185      	CLRF       TRISA
;TIMER_2_SINGLE_PWM.c,34 :: 		TRISB=0x00;
0x00E7	0x0186      	CLRF       TRISB
;TIMER_2_SINGLE_PWM.c,35 :: 		TRISC=0x00;
0x00E8	0x0187      	CLRF       TRISC
;TIMER_2_SINGLE_PWM.c,36 :: 		ANSEL=0;
0x00E9	0x1283      	BCF        STATUS, 5
0x00EA	0x1703      	BSF        STATUS, 6
0x00EB	0x019E      	CLRF       ANSEL
;TIMER_2_SINGLE_PWM.c,37 :: 		ANSELH=0;
0x00EC	0x019F      	CLRF       ANSELH
;TIMER_2_SINGLE_PWM.c,39 :: 		PORTA=0X00;
0x00ED	0x0185      	CLRF       PORTA
;TIMER_2_SINGLE_PWM.c,40 :: 		PORTB=0X00;
0x00EE	0x0186      	CLRF       PORTB
;TIMER_2_SINGLE_PWM.c,41 :: 		PORTC=0X00;
0x00EF	0x0187      	CLRF       PORTC
;TIMER_2_SINGLE_PWM.c,44 :: 		Lcd_Init();
0x00F0	0x2047      	CALL       _Lcd_Init
;TIMER_2_SINGLE_PWM.c,45 :: 		Lcd_Cmd(_LCD_CLEAR);               // Clear display
0x00F1	0x3001      	MOVLW      1
0x00F2	0x00A8      	MOVWF      FARG_Lcd_Cmd_out_char
0x00F3	0x2095      	CALL       _Lcd_Cmd
;TIMER_2_SINGLE_PWM.c,46 :: 		Lcd_Cmd(_LCD_CURSOR_OFF);
0x00F4	0x300C      	MOVLW      12
0x00F5	0x00A8      	MOVWF      FARG_Lcd_Cmd_out_char
0x00F6	0x2095      	CALL       _Lcd_Cmd
;TIMER_2_SINGLE_PWM.c,49 :: 		PEIE_bit=1; // ENABLE PERIPHERAL INTERRUPT
0x00F7	0x170B      	BSF        PEIE_bit, 6
;TIMER_2_SINGLE_PWM.c,50 :: 		GIE_bit=1;   // ENABLE GLOBAL INTERRUPT
0x00F8	0x178B      	BSF        GIE_bit, 7
;TIMER_2_SINGLE_PWM.c,54 :: 		T2CKPS1_bit=0;//  T2CON(BIT 1-T1CKPS1 AND BIT 0-T1CKPS0) IS SET TO 0 FOR A PRESCALAR 1:1
0x00F9	0x1092      	BCF        T2CKPS1_bit, 1
;TIMER_2_SINGLE_PWM.c,55 :: 		T2CKPS0_bit=0;//
0x00FA	0x1012      	BCF        T2CKPS0_bit, 0
;TIMER_2_SINGLE_PWM.c,57 :: 		TOUTPS3_bit=0;
0x00FB	0x1312      	BCF        TOUTPS3_bit, 6
;TIMER_2_SINGLE_PWM.c,58 :: 		TOUTPS2_bit=0;   //  T2CON(BIT6 ,BIT 5,BIT 4, BIT3)  IS SET TO 0 FOR A POSTSCALAR 1:1
0x00FC	0x1292      	BCF        TOUTPS2_bit, 5
;TIMER_2_SINGLE_PWM.c,59 :: 		TOUTPS1_bit=0;
0x00FD	0x1212      	BCF        TOUTPS1_bit, 4
;TIMER_2_SINGLE_PWM.c,60 :: 		TOUTPS0_bit=0;
0x00FE	0x1192      	BCF        TOUTPS0_bit, 3
;TIMER_2_SINGLE_PWM.c,62 :: 		TMR2IF_bit=0;   // TIMER1 INTERRUPT FLAG BIT INITIALLY SET TO 0 BEFORE ACTIVATING TIMER1 INTTERUPT ON NEXT LINE
0x00FF	0x108C      	BCF        TMR2IF_bit, 1
;TIMER_2_SINGLE_PWM.c,63 :: 		TMR2IE_bit=1;  // ENABLE TIMER1 INTERRUPT ON OVERFLOW
0x0100	0x1683      	BSF        STATUS, 5
0x0101	0x148C      	BSF        TMR2IE_bit, 1
;TIMER_2_SINGLE_PWM.c,67 :: 		PR2=200;      // SETTING VALUE OF PR2, THAT IS WHEN TIMER 2
0x0102	0x30C8      	MOVLW      200
0x0103	0x0092      	MOVWF      PR2
;TIMER_2_SINGLE_PWM.c,72 :: 		TMR2ON_bit =1;
0x0104	0x1283      	BCF        STATUS, 5
0x0105	0x1512      	BSF        TMR2ON_bit, 2
;TIMER_2_SINGLE_PWM.c,75 :: 		while (1)
L_main3:
;TIMER_2_SINGLE_PWM.c,79 :: 		if(count==25)
0x0106	0x3000      	MOVLW      0
0x0107	0x0622      	XORWF      _count+1, 0
0x0108	0x1D03      	BTFSS      STATUS, 2
0x0109	0x290C      	GOTO       L__main10
0x010A	0x3019      	MOVLW      25
0x010B	0x0621      	XORWF      _count, 0
L__main10:
0x010C	0x1D03      	BTFSS      STATUS, 2
0x010D	0x2913      	GOTO       L_main5
;TIMER_2_SINGLE_PWM.c,80 :: 		{   RC7_bit=~RC7_bit;
0x010E	0x3080      	MOVLW      128
0x010F	0x0687      	XORWF      RC7_bit, 1
;TIMER_2_SINGLE_PWM.c,83 :: 		count=0;
0x0110	0x01A1      	CLRF       _count
0x0111	0x01A2      	CLRF       _count+1
;TIMER_2_SINGLE_PWM.c,84 :: 		}
0x0112	0x2913      	GOTO       L_main6
L_main5:
;TIMER_2_SINGLE_PWM.c,85 :: 		else{}
L_main6:
;TIMER_2_SINGLE_PWM.c,88 :: 		}}
0x0113	0x2906      	GOTO       L_main3
0x0114	0x2914      	GOTO       $+0
; end of _main
Symbol List:
//** Routines locations **
//ADDRESS    SIZE    PROCEDURE
//----------------------------------------------
0x0004      [39]    _interrupt
0x002B       [2]    _Delay_1us
0x002D       [8]    _Delay_50us
0x0035      [11]    _Delay_5500us
0x0040       [7]    _____DoICP
0x0047      [78]    _Lcd_Init
0x0095      [64]    _Lcd_Cmd
0x00D5      [12]    ___CC2DW
0x00E1      [52]    _main
//** Variables locations ** 
//ADDRESS    SIZE    VARIABLE
//----------------------------------------------
0x0000       [1]    INDF
0x0001       [1]    TMR0
0x0002       [1]    PCL
0x0003       [0]    DC_bit
0x0003       [1]    STATUS
0x0003       [0]    NOT_TO_bit
0x0003       [0]    IRP_bit
0x0003       [0]    C_bit
0x0003       [0]    NOT_PD_bit
0x0003       [0]    Z_bit
0x0003       [0]    RP1_bit
0x0003       [0]    RP0_bit
0x0004       [1]    FSR
0x0004       [1]    FSRPTR
0x0005       [0]    LCD_RS
0x0005       [0]    RA4_bit
0x0005       [0]    RA1_bit
0x0005       [0]    RA3_bit
0x0005       [0]    RA5_bit
0x0005       [0]    RA0_bit
0x0005       [0]    RA2_bit
0x0005       [0]    LCD_EN
0x0005       [1]    PORTA
0x0006       [0]    RB4_bit
0x0006       [0]    RB7_bit
0x0006       [0]    RB5_bit
0x0006       [1]    PORTB
0x0006       [0]    RB6_bit
0x0007       [0]    RC7_bit
0x0007       [0]    RC2_bit
0x0007       [0]    RC6_bit
0x0007       [0]    LCD_D5
0x0007       [0]    LCD_D6
0x0007       [0]    LCD_D7
0x0007       [0]    LCD_D4
0x0007       [0]    RC5_bit
0x0007       [0]    RC4_bit
0x0007       [0]    RC3_bit
0x0007       [1]    PORTC
0x0007       [0]    RC0_bit
0x0007       [0]    RC1_bit
0x000A       [1]    PCLATH
0x000B       [0]    INTE_bit
0x000B       [0]    RABIE_bit
0x000B       [0]    GIE_bit
0x000B       [0]    PEIE_bit
0x000B       [0]    RABIF_bit
0x000B       [1]    INTCON
0x000B       [0]    T0IE_bit
0x000B       [0]    INTF_bit
0x000B       [0]    T0IF_bit
0x000C       [0]    SSPIF_bit
0x000C       [0]    TXIF_bit
0x000C       [0]    ADIF_bit
0x000C       [0]    RCIF_bit
0x000C       [0]    CCP1IF_bit
0x000C       [0]    TMR1IF_bit
0x000C       [0]    TMR2IF_bit
0x000C       [0]    T1IF_bit
0x000C       [1]    PIR1
0x000C       [0]    T2IF_bit
0x000D       [0]    EEIF_bit
0x000D       [0]    C1IF_bit
0x000D       [1]    PIR2
0x000D       [0]    C2IF_bit
0x000D       [0]    OSFIF_bit
0x000E       [1]    TMR1L
0x000F       [1]    TMR1H
0x0010       [0]    TMR1ON_bit
0x0010       [0]    TMR1CS_bit
0x0010       [0]    T1CKPS1_bit
0x0010       [0]    TMR1GE_bit
0x0010       [0]    T1GINV_bit
0x0010       [1]    T1CON
0x0010       [0]    T1OSCEN_bit
0x0010       [0]    NOT_T1SYNC_bit
0x0010       [0]    T1CKPS0_bit
0x0011       [1]    TMR2
0x0012       [1]    T2CON
0x0012       [0]    TMR2ON_bit
0x0012       [0]    T2CKPS0_bit
0x0012       [0]    T2CKPS1_bit
0x0012       [0]    TOUTPS0_bit
0x0012       [0]    TOUTPS3_bit
0x0012       [0]    TOUTPS2_bit
0x0012       [0]    TOUTPS1_bit
0x0013       [1]    SSPBUF
0x0014       [0]    SSPOV_bit
0x0014       [0]    WCOL_bit
0x0014       [0]    SSPM2_bit
0x0014       [0]    SSPM1_bit
0x0014       [0]    SSPM0_bit
0x0014       [0]    SSPM3_bit
0x0014       [0]    SSPEN_bit
0x0014       [1]    SSPCON
0x0014       [0]    CKP_bit
0x0015       [1]    CCPR1L
0x0015       [2]    CCPR
0x0016       [1]    CCPR1H
0x0017       [0]    CCP1M1_bit
0x0017       [0]    CCP1M2_bit
0x0017       [0]    CCP1M0_bit
0x0017       [1]    CCP1CON
0x0017       [0]    CCP1M3_bit
0x0017       [0]    P1M0_bit
0x0017       [0]    P1M1_bit
0x0017       [0]    DC1B0_bit
0x0017       [0]    DC1B1_bit
0x0018       [0]    ADDEN_bit
0x0018       [0]    RX9_bit
0x0018       [0]    RX9D_bit
0x0018       [1]    RCSTA
0x0018       [0]    SREN_bit
0x0018       [0]    CREN_bit
0x0018       [0]    FERR_bit
0x0018       [0]    SPEN_bit
0x0018       [0]    OERR_bit
0x0019       [1]    TXREG
0x001A       [1]    RCREG
0x001C       [0]    PDC4_bit
0x001C       [0]    PDC6_bit
0x001C       [0]    PDC5_bit
0x001C       [1]    PWM1CON
0x001C       [0]    PDC2_bit
0x001C       [0]    PDC1_bit
0x001C       [0]    PDC0_bit
0x001C       [0]    PRSEN_bit
0x001C       [0]    PDC3_bit
0x001D       [0]    PSSAC0_bit
0x001D       [0]    PSSBD1_bit
0x001D       [0]    PSSBD0_bit
0x001D       [0]    ECCPAS1_bit
0x001D       [0]    ECCPAS2_bit
0x001D       [0]    ECCPASE_bit
0x001D       [0]    PSSAC1_bit
0x001D       [0]    ECCPAS0_bit
0x001D       [1]    ECCPAS
0x001E       [1]    ADRESH
0x001F       [0]    CHS2_bit
0x001F       [0]    CHS3_bit
0x001F       [0]    VCFG_bit
0x001F       [1]    ADCON0
0x001F       [0]    ADFM_bit
0x001F       [0]    CHS1_bit
0x001F       [0]    NOT_DONE_bit
0x001F       [0]    GO_bit
0x001F       [0]    ADON_bit
0x001F       [0]    GO_DONE_bit
0x001F       [0]    CHS0_bit
0x0021       [2]    _count
0x0023       [2]    ___DoICPAddr
0x0025       [1]    ___savePCLATH
0x0026       [1]    ___saveSTATUS
0x0027       [0]    __Lib_Lcd_cmd_status
0x0028       [1]    FARG_Lcd_Cmd_out_char
0x0070       [1]    R0
0x0071       [1]    R1
0x0072       [1]    R2
0x0073       [1]    R3
0x0074       [1]    R4
0x0075       [1]    R5
0x0076       [1]    R6
0x0077       [1]    R7
0x0078       [1]    R8
0x0079       [1]    R9
0x007A       [1]    R10
0x007B       [1]    R11
0x007C       [1]    R12
0x007D       [1]    R13
0x007E       [1]    R14
0x007F       [1]    R15
0x0081       [1]    OPTION_REG
0x0081       [0]    PS2_bit
0x0081       [0]    PSA_bit
0x0081       [0]    PS0_bit
0x0081       [0]    PS1_bit
0x0081       [0]    INTEDG_bit
0x0081       [0]    NOT_RABPU_bit
0x0081       [0]    T0SE_bit
0x0081       [0]    T0CS_bit
0x0085       [0]    TRISA4_bit
0x0085       [0]    TRISA3_bit
0x0085       [0]    TRISA5_bit
0x0085       [0]    TRISA0_bit
0x0085       [0]    LCD_RS_Direction
0x0085       [0]    TRISA1_bit
0x0085       [1]    TRISA
0x0085       [0]    LCD_EN_Direction
0x0085       [0]    TRISA2_bit
0x0086       [0]    TRISB6_bit
0x0086       [1]    TRISB
0x0086       [0]    TRISB5_bit
0x0086       [0]    TRISB4_bit
0x0086       [0]    TRISB7_bit
0x0087       [0]    TRISC2_bit
0x0087       [0]    TRISC1_bit
0x0087       [0]    LCD_D4_Direction
0x0087       [0]    TRISC7_bit
0x0087       [0]    TRISC0_bit
0x0087       [0]    LCD_D6_Direction
0x0087       [0]    LCD_D5_Direction
0x0087       [0]    TRISC6_bit
0x0087       [0]    LCD_D7_Direction
0x0087       [0]    TRISC5_bit
0x0087       [0]    TRISC3_bit
0x0087       [1]    TRISC
0x0087       [0]    TRISC4_bit
0x008C       [0]    T2IE_bit
0x008C       [0]    CCP1IE_bit
0x008C       [0]    SSPIE_bit
0x008C       [0]    ADIE_bit
0x008C       [0]    RCIE_bit
0x008C       [0]    TXIE_bit
0x008C       [1]    PIE1
0x008C       [0]    TMR2IE_bit
0x008C       [0]    T1IE_bit
0x008C       [0]    TMR1IE_bit
0x008D       [0]    C2IE_bit
0x008D       [0]    C1IE_bit
0x008D       [0]    EEIE_bit
0x008D       [1]    PIE2
0x008D       [0]    OSFIE_bit
0x008E       [0]    NOT_POR_bit
0x008E       [0]    SBOREN_bit
0x008E       [0]    ULPWUE_bit
0x008E       [1]    PCON
0x008E       [0]    NOT_BOR_bit
0x008F       [0]    IRCF0_bit
0x008F       [0]    OSTS_bit
0x008F       [0]    IRCF2_bit
0x008F       [0]    IRCF1_bit
0x008F       [0]    SCS_bit
0x008F       [1]    OSCCON
0x008F       [0]    HTS_bit
0x008F       [0]    LTS_bit
0x0090       [0]    TUN2_bit
0x0090       [0]    TUN1_bit
0x0090       [0]    TUN0_bit
0x0090       [0]    TUN4_bit
0x0090       [1]    OSCTUNE
0x0090       [0]    TUN3_bit
0x0092       [1]    PR2
0x0093       [1]    SSPMSK
0x0093       [1]    MSK
0x0093       [1]    SSPADD
0x0094       [1]    SSPSTAT
0x0094       [0]    S_bit
0x0094       [0]    I2C_START__bit
0x0094       [0]    READ_WRITE_bit
0x0094       [0]    P_bit
0x0094       [0]    I2C_STOP__bit
0x0094       [0]    NOT_W_bit
0x0094       [0]    NOT_WRITE_bit
0x0094       [0]    R_W_bit
0x0094       [0]    R_bit
0x0094       [0]    I2C_READ_bit
0x0094       [0]    I2C_DATA_bit
0x0094       [0]    BF_bit
0x0094       [0]    D_bit
0x0094       [0]    SMP_bit
0x0094       [0]    CKE_bit
0x0094       [0]    NOT_A_bit
0x0094       [0]    UA_bit
0x0094       [0]    DATA_ADDRESS_bit
0x0094       [0]    D_A_bit
0x0094       [0]    NOT_ADDRESS_bit
0x0095       [1]    WPU
0x0095       [0]    WPUA2_bit
0x0095       [0]    WPUA1_bit
0x0095       [0]    WPUA0_bit
0x0095       [0]    WPUA5_bit
0x0095       [1]    WPUA
0x0095       [0]    WPUA4_bit
0x0096       [0]    IOC3_bit
0x0096       [0]    IOC2_bit
0x0096       [0]    IOC5_bit
0x0096       [0]    IOC4_bit
0x0096       [1]    IOCA
0x0096       [0]    IOCA0_bit
0x0096       [0]    IOCA4_bit
0x0096       [0]    IOCA3_bit
0x0096       [0]    IOCA2_bit
0x0096       [0]    IOCA1_bit
0x0096       [0]    IOC1_bit
0x0096       [0]    IOC0_bit
0x0096       [1]    IOC
0x0096       [0]    IOCA5_bit
0x0097       [1]    WDTCON
0x0097       [0]    WDTPS0_bit
0x0097       [0]    SWDTEN_bit
0x0097       [0]    WDTPS1_bit
0x0097       [0]    WDTPS3_bit
0x0097       [0]    WDTPS2_bit
0x0098       [0]    TRMT_bit
0x0098       [0]    BRGH_bit
0x0098       [1]    TXSTA
0x0098       [0]    TX9D_bit
0x0098       [0]    SENB_bit
0x0098       [0]    TX9_bit
0x0098       [0]    CSRC_bit
0x0098       [0]    SYNC_bit
0x0098       [0]    TXEN_bit
0x0099       [0]    BRG1_bit
0x0099       [0]    BRG2_bit
0x0099       [1]    SPBRG
0x0099       [0]    BRG0_bit
0x0099       [0]    BRG6_bit
0x0099       [0]    BRG7_bit
0x0099       [0]    BRG5_bit
0x0099       [0]    BRG3_bit
0x0099       [0]    BRG4_bit
0x009A       [0]    BRG9_bit
0x009A       [0]    BRG8_bit
0x009A       [1]    SPBRGH
0x009A       [0]    BRG10_bit
0x009A       [0]    BRG15_bit
0x009A       [0]    BRG12_bit
0x009A       [0]    BRG14_bit
0x009A       [0]    BRG11_bit
0x009A       [0]    BRG13_bit
0x009B       [0]    BRG16_bit
0x009B       [0]    SCKP_bit
0x009B       [1]    BAUDCTL
0x009B       [0]    ABDEN_bit
0x009B       [0]    WUE_bit
0x009B       [0]    RCIDL_bit
0x009B       [0]    ABDOVF_bit
0x009E       [1]    ADRESL
0x009F       [0]    ADCS1_bit
0x009F       [0]    ADCS0_bit
0x009F       [1]    ADCON1
0x009F       [0]    ADCS2_bit
0x010C       [1]    EEDATA
0x010C       [1]    EEDAT
0x010D       [1]    EEADR
0x010E       [1]    EEDATH
0x010F       [1]    EEADRH
0x0115       [1]    WPUB
0x0115       [0]    WPUB5_bit
0x0115       [0]    WPUB4_bit
0x0115       [0]    WPUB6_bit
0x0115       [0]    WPUB7_bit
0x0116       [0]    IOCB6_bit
0x0116       [0]    IOCB5_bit
0x0116       [1]    IOCB
0x0116       [0]    IOCB7_bit
0x0116       [0]    IOCB4_bit
0x0118       [0]    C2VREN_bit
0x0118       [0]    VRR_bit
0x0118       [1]    VRCON
0x0118       [0]    C1VREN_bit
0x0118       [0]    VR1_bit
0x0118       [0]    VR0_bit
0x0118       [0]    VR2_bit
0x0118       [0]    VP6EN_bit
0x0118       [0]    VR3_bit
0x0119       [1]    CM1CON0
0x0119       [0]    C1R_bit
0x0119       [0]    C1CH1_bit
0x0119       [0]    C1CH0_bit
0x0119       [0]    C1POL_bit
0x0119       [0]    C1ON_bit
0x0119       [0]    C1OUT_bit
0x0119       [0]    C1OE_bit
0x011A       [0]    C2OUT_bit
0x011A       [0]    C2ON_bit
0x011A       [1]    CM2CON0
0x011A       [0]    C2OE_bit
0x011A       [0]    C2R_bit
0x011A       [0]    C2POL_bit
0x011A       [0]    C2CH0_bit
0x011A       [0]    C2CH1_bit
0x011B       [1]    CM2CON1
0x011B       [0]    MC1OUT_bit
0x011B       [0]    MC2OUT_bit
0x011B       [0]    C2SYNC_bit
0x011B       [0]    T1GSS_bit
0x011E       [0]    ANS1_bit
0x011E       [0]    ANS0_bit
0x011E       [0]    ANS3_bit
0x011E       [0]    ANS2_bit
0x011E       [0]    ANS7_bit
0x011E       [0]    ANS5_bit
0x011E       [1]    ANSEL
0x011E       [0]    ANS4_bit
0x011E       [0]    ANS6_bit
0x011F       [0]    ANS11_bit
0x011F       [0]    ANS10_bit
0x011F       [0]    ANS8_bit
0x011F       [1]    ANSELH
0x011F       [0]    ANS9_bit
0x018C       [0]    WREN_bit
0x018C       [0]    WR_bit
0x018C       [0]    RD_bit
0x018C       [0]    WRERR_bit
0x018C       [1]    EECON1
0x018C       [0]    EEPGD_bit
0x018D       [1]    EECON2
0x019D       [0]    STRB_bit
0x019D       [0]    STRA_bit
0x019D       [0]    STRC_bit
0x019D       [1]    PSTRCON
0x019D       [0]    STRSYNC_bit
0x019D       [0]    STRD_bit
0x019E       [0]    PULSS_bit
0x019E       [0]    PULSR_bit
0x019E       [0]    C2REN_bit
0x019E       [0]    SR1_bit
0x019E       [1]    SRCON
0x019E       [0]    C1SEN_bit
0x019E       [0]    SR0_bit
//** Label List: ** 
//----------------------------------------------
  L_interrupt0
  L_interrupt1
  L_interrupt2
  L_main3
  L_main4
  L_main5
  L_main6
  _interrupt
  L__interrupt7
  L__interrupt8
  L__interrupt9
  _main
  L__main10
  L_Delay_10us0
  L_Delay_22us1
  L_Delay_50us2
  L_Delay_80us3
  L_Delay_500us4
  L_Delay_5500us5
  L_Delay_1ms6
  L_Delay_5ms7
  L_Delay_8ms8
  L_Delay_100ms9
  L_Delay_1sec10
  L_boot16_Delay_5ms11
  L_Delay_Cyc12
  L_Delay_Cyc13
  L_VDelay_ms14
  L_VDelay_ms15
  L_VDelay_ms16
  L_VDelay_Advanced_ms17
  L_VDelay_Advanced_ms18
  L_VDelay_Advanced_ms19
  _Get_Fosc_kHz
  _Delay_1us
  _Delay_10us
  _Delay_22us
  _Delay_50us
  _Delay_80us
  _Delay_500us
  _Delay_5500us
  _Delay_1ms
  _Delay_5ms
  _Delay_8ms
  _Delay_100ms
  _Delay_1sec
  _boot16_Delay_5ms
  _Delay_Cyc
  _VDelay_ms
  L__VDelay_ms20
  L__VDelay_ms21
  L__VDelay_ms22
  _VDelay_Advanced_ms
  L__VDelay_Advanced_ms23
  L__VDelay_Advanced_ms24
  L__VDelay_Advanced_ms25
  L_Lcd_Cmd0
  L_Lcd_Cmd1
  L_Lcd_Out_CP2
  L_Lcd_Out_CP3
  L_Lcd_Chr4
  L_Lcd_Chr5
  L_Lcd_Chr6
  L_Lcd_Chr7
  L_Lcd_Chr8
  L_Lcd_Chr9
  L_Lcd_Chr10
  L_Lcd_Out11
  L_Lcd_Out12
  L_Lcd_Out13
  L_Lcd_Out14
  L_Lcd_Out15
  L_Lcd_Out16
  L_Lcd_Out17
  L_Lcd_Out18
  L_Lcd_Out19
  _Lcd_Cmd
  L__Lcd_Cmd20
  L__Lcd_Cmd21
  L__Lcd_Cmd22
  L__Lcd_Cmd23
  L__Lcd_Cmd24
  L__Lcd_Cmd25
  L__Lcd_Cmd26
  L__Lcd_Cmd27
  L__Lcd_Cmd28
  L__Lcd_Cmd29
  L__Lcd_Cmd30
  L__Lcd_Cmd31
  L__Lcd_Cmd32
  L__Lcd_Cmd33
  L__Lcd_Cmd34
  L__Lcd_Cmd35
  L__Lcd_Cmd36
  L__Lcd_Cmd37
  L__Lcd_Cmd38
  L__Lcd_Cmd39
  _Lcd_Chr_CP
  _Lcd_Out_CP
  _Lcd_Chr
  _Lcd_Init
  _Lcd_Out
  _CC2D_Loop1
  _____DoICP
  _____DoIFC
  ___CC2DW
  _Swap
  L_interrupt0
  L_interrupt1
  L_interrupt2
  L_main3
  L_main4
  L_main5
  L_main6
  _interrupt
  L__interrupt7
  L__interrupt8
  L__interrupt9
  _main
  L__main10
