;  LST file generated by mikroListExporter - v.2.0 
; Date/Time: 7/2/2013 5:26:08 AM
;----------------------------------------------

;Address Opcode 	ASM
0x0000	0x2869      	GOTO       105
_interrupt:
0x0004	0x00FF      	MOVWF      R15
0x0005	0x0E03      	SWAPF      STATUS, 0
0x0006	0x0183      	CLRF       STATUS
0x0007	0x00A3      	MOVWF      ___saveSTATUS
0x0008	0x080A      	MOVF       PCLATH, 0
0x0009	0x00A4      	MOVWF      ___savePCLATH
0x000A	0x018A      	CLRF       PCLATH
;usar_hello_world.c,47 :: 		void interrupt(void)
;usar_hello_world.c,49 :: 		if(RCIF_bit )  // If UART Rx Interrupt
0x000B	0x1E8C      	BTFSS      RCIF_bit, 5
0x000C	0x2813      	GOTO       L_interrupt7
;usar_hello_world.c,51 :: 		if(OERR_bit ) // If over run error, then reset the receiver
0x000D	0x1C98      	BTFSS      OERR_bit, 1
0x000E	0x2811      	GOTO       L_interrupt8
;usar_hello_world.c,53 :: 		CREN_bit  = 0;
0x000F	0x1218      	BCF        CREN_bit, 4
;usar_hello_world.c,54 :: 		CREN_bit  = 1;
0x0010	0x1618      	BSF        CREN_bit, 4
;usar_hello_world.c,55 :: 		}
L_interrupt8:
;usar_hello_world.c,56 :: 		rcv=RCREG;
0x0011	0x081A      	MOVF       RCREG, 0
0x0012	0x00A2      	MOVWF      _rcv
;usar_hello_world.c,58 :: 		}
L_interrupt7:
;usar_hello_world.c,59 :: 		}
L__interrupt20:
0x0013	0x0824      	MOVF       ___savePCLATH, 0
0x0014	0x008A      	MOVWF      PCLATH
0x0015	0x0E23      	SWAPF      ___saveSTATUS, 0
0x0016	0x0083      	MOVWF      STATUS
0x0017	0x0EFF      	SWAPF      R15, 1
0x0018	0x0E7F      	SWAPF      R15, 0
0x0019	0x0009      	RETFIE
; end of _interrupt
_SendByteSerially:
;usar_hello_world.c,24 :: 		void SendByteSerially(unsigned char Byte)  // Writes a character to the serial port
;usar_hello_world.c,26 :: 		while(!TXIF_bit );  // wait for previous transmission to finish
L_SendByteSerially0:
0x001A	0x1283      	BCF        STATUS, 5
0x001B	0x1303      	BCF        STATUS, 6
0x001C	0x1A0C      	BTFSC      TXIF_bit, 4
0x001D	0x281F      	GOTO       L_SendByteSerially1
0x001E	0x281A      	GOTO       L_SendByteSerially0
L_SendByteSerially1:
;usar_hello_world.c,27 :: 		TXREG = Byte;
0x001F	0x0827      	MOVF       FARG_SendByteSerially_Byte, 0
0x0020	0x0099      	MOVWF      TXREG
;usar_hello_world.c,28 :: 		}
0x0021	0x0008      	RETURN
; end of _SendByteSerially
_____DoICP:
;__Lib_System.c,6 :: 		
;__Lib_System.c,9 :: 		
0x0022	0x1283      	BCF        STATUS, 5
0x0023	0x1303      	BCF        STATUS, 6
0x0024	0x0821      	MOVF       ___DoICPAddr+1, 0
0x0025	0x008A      	MOVWF      PCLATH
;__Lib_System.c,10 :: 		
0x0026	0x0820      	MOVF       ___DoICPAddr, 0
0x0027	0x0082      	MOVWF      PCL
;__Lib_System.c,12 :: 		
0x0028	0x0008      	RETURN
; end of _____DoICP
_SendStringSerially:
;usar_hello_world.c,41 :: 		void SendStringSerially(const unsigned char* st)
;usar_hello_world.c,43 :: 		while(*st)
L_SendStringSerially5:
0x0029	0x1283      	BCF        STATUS, 5
0x002A	0x1303      	BCF        STATUS, 6
0x002B	0x0825      	MOVF       FARG_SendStringSerially_st, 0
0x002C	0x00A0      	MOVWF      ___DoICPAddr
0x002D	0x0826      	MOVF       FARG_SendStringSerially_st+1, 0
0x002E	0x00A1      	MOVWF      ___DoICPAddr+1
0x002F	0x2022      	CALL       _____DoICP
0x0030	0x118A      	BCF        PCLATH, 3
0x0031	0x120A      	BCF        PCLATH, 4
0x0032	0x00F0      	MOVWF      R0
0x0033	0x0870      	MOVF       R0, 0
0x0034	0x1903      	BTFSC      STATUS, 2
0x0035	0x2843      	GOTO       L_SendStringSerially6
;usar_hello_world.c,44 :: 		SendByteSerially(*st++);
0x0036	0x0825      	MOVF       FARG_SendStringSerially_st, 0
0x0037	0x00A0      	MOVWF      ___DoICPAddr
0x0038	0x0826      	MOVF       FARG_SendStringSerially_st+1, 0
0x0039	0x00A1      	MOVWF      ___DoICPAddr+1
0x003A	0x2022      	CALL       _____DoICP
0x003B	0x118A      	BCF        PCLATH, 3
0x003C	0x120A      	BCF        PCLATH, 4
0x003D	0x00A7      	MOVWF      FARG_SendByteSerially_Byte
0x003E	0x201A      	CALL       _SendByteSerially
0x003F	0x0AA5      	INCF       FARG_SendStringSerially_st, 1
0x0040	0x1903      	BTFSC      STATUS, 2
0x0041	0x0AA6      	INCF       FARG_SendStringSerially_st+1, 1
0x0042	0x2829      	GOTO       L_SendStringSerially5
L_SendStringSerially6:
;usar_hello_world.c,45 :: 		}
0x0043	0x0008      	RETURN
; end of _SendStringSerially
_InitUART:
;usar_hello_world.c,3 :: 		void InitUART(void)
;usar_hello_world.c,4 :: 		{   ANSEL=0;
0x0044	0x1283      	BCF        STATUS, 5
0x0045	0x1703      	BSF        STATUS, 6
0x0046	0x019E      	CLRF       ANSEL
;usar_hello_world.c,5 :: 		ANSELH=0;
0x0047	0x019F      	CLRF       ANSELH
;usar_hello_world.c,6 :: 		ANS11_bit =0;
0x0048	0x119F      	BCF        ANS11_bit, 3
;usar_hello_world.c,8 :: 		SPBRG = 25  ;
0x0049	0x3019      	MOVLW      25
0x004A	0x1683      	BSF        STATUS, 5
0x004B	0x1303      	BCF        STATUS, 6
0x004C	0x0099      	MOVWF      SPBRG
;usar_hello_world.c,9 :: 		BRGH_bit   = 1;
0x004D	0x1518      	BSF        BRGH_bit, 2
;usar_hello_world.c,11 :: 		SYNC_bit =0;			//Asynchronous Operation
0x004E	0x1218      	BCF        SYNC_bit, 4
;usar_hello_world.c,13 :: 		SPEN_bit   = 1;						// Enable serial port pins
0x004F	0x1283      	BCF        STATUS, 5
0x0050	0x1798      	BSF        SPEN_bit, 7
;usar_hello_world.c,14 :: 		CREN_bit   = 1;						// Enable reception
0x0051	0x1618      	BSF        CREN_bit, 4
;usar_hello_world.c,15 :: 		SREN_bit   = 0;						// No effect
0x0052	0x1298      	BCF        SREN_bit, 5
;usar_hello_world.c,16 :: 		TXIE_bit   = 0;						// Disable tx interrupts
0x0053	0x1683      	BSF        STATUS, 5
0x0054	0x120C      	BCF        TXIE_bit, 4
;usar_hello_world.c,17 :: 		RCIE_bit   = 1;						// Enable rx interrupts
0x0055	0x168C      	BSF        RCIE_bit, 5
;usar_hello_world.c,18 :: 		TX9_bit    = 0;						// 8-bit transmission
0x0056	0x1318      	BCF        TX9_bit, 6
;usar_hello_world.c,19 :: 		RX9_bit    = 0;						// 8-bit reception
0x0057	0x1283      	BCF        STATUS, 5
0x0058	0x1318      	BCF        RX9_bit, 6
;usar_hello_world.c,20 :: 		TXEN_bit   = 0;						// Reset transmitter
0x0059	0x1683      	BSF        STATUS, 5
0x005A	0x1298      	BCF        TXEN_bit, 5
;usar_hello_world.c,21 :: 		TXEN_bit   = 1;						// Enable the transmitter
0x005B	0x1698      	BSF        TXEN_bit, 5
;usar_hello_world.c,22 :: 		}
0x005C	0x0008      	RETURN
; end of _InitUART
___CC2DW:
;__Lib_System.c,24 :: 		
;__Lib_System.c,27 :: 		
_CC2D_Loop1:
;__Lib_System.c,29 :: 		
0x005D	0x2022      	CALL       _____DoICP
0x005E	0x118A      	BCF        PCLATH, 3
0x005F	0x120A      	BCF        PCLATH, 4
;__Lib_System.c,31 :: 		
0x0060	0x0080      	MOVWF      INDF
;__Lib_System.c,32 :: 		
0x0061	0x0A84      	INCF       FSR, 1
;__Lib_System.c,33 :: 		
0x0062	0x0AA0      	INCF       ___DoICPAddr, 1
;__Lib_System.c,35 :: 		
0x0063	0x1903      	BTFSC      STATUS, 2
;__Lib_System.c,36 :: 		
0x0064	0x0AA1      	INCF       ___DoICPAddr+1, 1
;__Lib_System.c,37 :: 		
0x0065	0x03F0      	DECF       R0, 1
;__Lib_System.c,39 :: 		
0x0066	0x1D03      	BTFSS      STATUS, 2
;__Lib_System.c,40 :: 		
0x0067	0x285D      	GOTO       _CC2D_Loop1
;__Lib_System.c,42 :: 		
0x0068	0x0008      	RETURN
; end of ___CC2DW
_main:
;usar_hello_world.c,61 :: 		void main(void)
;usar_hello_world.c,62 :: 		{TRISB=0B00100000;
0x0069	0x3020      	MOVLW      32
0x006A	0x1683      	BSF        STATUS, 5
0x006B	0x1303      	BCF        STATUS, 6
0x006C	0x0086      	MOVWF      TRISB
;usar_hello_world.c,63 :: 		TRISA=0X00;
0x006D	0x0185      	CLRF       TRISA
;usar_hello_world.c,64 :: 		TRISC=0X00;
0x006E	0x0187      	CLRF       TRISC
;usar_hello_world.c,65 :: 		PORTC=0X00;
0x006F	0x1283      	BCF        STATUS, 5
0x0070	0x0187      	CLRF       PORTC
;usar_hello_world.c,66 :: 		PORTB=0X00;
0x0071	0x0186      	CLRF       PORTB
;usar_hello_world.c,68 :: 		InitUART();							// Intialize UART
0x0072	0x2044      	CALL       _InitUART
;usar_hello_world.c,70 :: 		SendStringSerially("Hello World!");	// Send string on UART
0x0073	0x309C      	MOVLW      ?lstr_1_usar_hello_world
0x0074	0x1283      	BCF        STATUS, 5
0x0075	0x00A5      	MOVWF      FARG_SendStringSerially_st
0x0076	0x3000      	MOVLW      hi_addr(?lstr_1_usar_hello_world)
0x0077	0x00A6      	MOVWF      FARG_SendStringSerially_st+1
0x0078	0x2029      	CALL       _SendStringSerially
;usar_hello_world.c,72 :: 		GIE_bit  = 1;  							// Enable global interrupts
0x0079	0x178B      	BSF        GIE_bit, 7
;usar_hello_world.c,73 :: 		PEIE_bit  = 1;  							// Enable Peripheral Interrupts
0x007A	0x170B      	BSF        PEIE_bit, 6
;usar_hello_world.c,74 :: 		rcv=0x00;
0x007B	0x01A2      	CLRF       _rcv
;usar_hello_world.c,75 :: 		while(1)
L_main9:
;usar_hello_world.c,78 :: 		if(rcv!=0x00 && rcv!=0x41)
0x007C	0x0822      	MOVF       _rcv, 0
0x007D	0x3A00      	XORLW      0
0x007E	0x1903      	BTFSC      STATUS, 2
0x007F	0x288F      	GOTO       L_main13
0x0080	0x0822      	MOVF       _rcv, 0
0x0081	0x3A41      	XORLW      65
0x0082	0x1903      	BTFSC      STATUS, 2
0x0083	0x288F      	GOTO       L_main13
L__main19:
;usar_hello_world.c,79 :: 		{  SendByteSerially('\n');
0x0084	0x300A      	MOVLW      10
0x0085	0x00A7      	MOVWF      FARG_SendByteSerially_Byte
0x0086	0x201A      	CALL       _SendByteSerially
;usar_hello_world.c,80 :: 		SendByteSerially('\r');
0x0087	0x300D      	MOVLW      13
0x0088	0x00A7      	MOVWF      FARG_SendByteSerially_Byte
0x0089	0x201A      	CALL       _SendByteSerially
;usar_hello_world.c,81 :: 		SendByteSerially(rcv); // Echo back received char
0x008A	0x0822      	MOVF       _rcv, 0
0x008B	0x00A7      	MOVWF      FARG_SendByteSerially_Byte
0x008C	0x201A      	CALL       _SendByteSerially
;usar_hello_world.c,82 :: 		rcv=0x00;
0x008D	0x01A2      	CLRF       _rcv
;usar_hello_world.c,83 :: 		}
0x008E	0x289A      	GOTO       L_main14
L_main13:
;usar_hello_world.c,85 :: 		else if(rcv!=0x00 && rcv==0x41)
0x008F	0x0822      	MOVF       _rcv, 0
0x0090	0x3A00      	XORLW      0
0x0091	0x1903      	BTFSC      STATUS, 2
0x0092	0x289A      	GOTO       L_main17
0x0093	0x0822      	MOVF       _rcv, 0
0x0094	0x3A41      	XORLW      65
0x0095	0x1D03      	BTFSS      STATUS, 2
0x0096	0x289A      	GOTO       L_main17
L__main18:
;usar_hello_world.c,86 :: 		{  PORTC=0X41;
0x0097	0x3041      	MOVLW      65
0x0098	0x0087      	MOVWF      PORTC
;usar_hello_world.c,87 :: 		rcv=0x00;}
0x0099	0x01A2      	CLRF       _rcv
L_main17:
L_main14:
;usar_hello_world.c,89 :: 		}
0x009A	0x287C      	GOTO       L_main9
;usar_hello_world.c,90 :: 		}
0x009B	0x289B      	GOTO       $+0
; end of _main
;usar_hello_world.c,0 :: ?lstr_1_usar_hello_world
0x009C	0x3448 ;?lstr_1_usar_hello_world+0
0x009D	0x3465 ;?lstr_1_usar_hello_world+1
0x009E	0x346C ;?lstr_1_usar_hello_world+2
0x009F	0x346C ;?lstr_1_usar_hello_world+3
0x00A0	0x346F ;?lstr_1_usar_hello_world+4
0x00A1	0x3420 ;?lstr_1_usar_hello_world+5
0x00A2	0x3457 ;?lstr_1_usar_hello_world+6
0x00A3	0x346F ;?lstr_1_usar_hello_world+7
0x00A4	0x3472 ;?lstr_1_usar_hello_world+8
0x00A5	0x346C ;?lstr_1_usar_hello_world+9
0x00A6	0x3464 ;?lstr_1_usar_hello_world+10
0x00A7	0x3421 ;?lstr_1_usar_hello_world+11
0x00A8	0x3400 ;?lstr_1_usar_hello_world+12
; end of ?lstr_1_usar_hello_world
Symbol List:
//** Routines locations **
//ADDRESS    SIZE    PROCEDURE
//----------------------------------------------
0x0004      [22]    _interrupt
0x001A       [8]    _SendByteSerially
0x0022       [7]    _____DoICP
0x0029      [27]    _SendStringSerially
0x0044      [25]    _InitUART
0x005D      [12]    ___CC2DW
0x0069      [51]    _main
//** Variables locations ** 
//ADDRESS    SIZE    VARIABLE
//----------------------------------------------
0x0000       [1]    INDF
0x0001       [1]    TMR0
0x0002       [1]    PCL
0x0003       [1]    STATUS
0x0003       [0]    IRP_bit
0x0003       [0]    NOT_PD_bit
0x0003       [0]    NOT_TO_bit
0x0003       [0]    Z_bit
0x0003       [0]    C_bit
0x0003       [0]    DC_bit
0x0003       [0]    RP0_bit
0x0003       [0]    RP1_bit
0x0004       [1]    FSR
0x0004       [1]    FSRPTR
0x0005       [0]    RA5_bit
0x0005       [1]    PORTA
0x0005       [0]    RA2_bit
0x0005       [0]    RA3_bit
0x0005       [0]    RA1_bit
0x0005       [0]    RA0_bit
0x0005       [0]    RA4_bit
0x0006       [1]    PORTB
0x0006       [0]    RB4_bit
0x0006       [0]    RB5_bit
0x0006       [0]    RB6_bit
0x0006       [0]    RB7_bit
0x0007       [0]    RC5_bit
0x0007       [1]    PORTC
0x0007       [0]    RC4_bit
0x0007       [0]    RC0_bit
0x0007       [0]    RC1_bit
0x0007       [0]    RC3_bit
0x0007       [0]    RC2_bit
0x0007       [0]    RC6_bit
0x0007       [0]    RC7_bit
0x000A       [1]    PCLATH
0x000B       [0]    INTE_bit
0x000B       [0]    PEIE_bit
0x000B       [0]    T0IE_bit
0x000B       [0]    INTF_bit
0x000B       [1]    INTCON
0x000B       [0]    RABIE_bit
0x000B       [0]    RABIF_bit
0x000B       [0]    GIE_bit
0x000B       [0]    T0IF_bit
0x000C       [0]    CCP1IF_bit
0x000C       [0]    SSPIF_bit
0x000C       [1]    PIR1
0x000C       [0]    RCIF_bit
0x000C       [0]    ADIF_bit
0x000C       [0]    TXIF_bit
0x000C       [0]    T1IF_bit
0x000C       [0]    TMR1IF_bit
0x000C       [0]    T2IF_bit
0x000C       [0]    TMR2IF_bit
0x000D       [0]    C2IF_bit
0x000D       [0]    C1IF_bit
0x000D       [1]    PIR2
0x000D       [0]    OSFIF_bit
0x000D       [0]    EEIF_bit
0x000E       [1]    TMR1L
0x000F       [1]    TMR1H
0x0010       [0]    TMR1CS_bit
0x0010       [0]    NOT_T1SYNC_bit
0x0010       [1]    T1CON
0x0010       [0]    TMR1ON_bit
0x0010       [0]    T1OSCEN_bit
0x0010       [0]    T1CKPS1_bit
0x0010       [0]    TMR1GE_bit
0x0010       [0]    T1GINV_bit
0x0010       [0]    T1CKPS0_bit
0x0011       [1]    TMR2
0x0012       [0]    T2CKPS1_bit
0x0012       [0]    TMR2ON_bit
0x0012       [0]    T2CKPS0_bit
0x0012       [1]    T2CON
0x0012       [0]    TOUTPS2_bit
0x0012       [0]    TOUTPS3_bit
0x0012       [0]    TOUTPS0_bit
0x0012       [0]    TOUTPS1_bit
0x0013       [1]    SSPBUF
0x0014       [0]    SSPEN_bit
0x0014       [1]    SSPCON
0x0014       [0]    WCOL_bit
0x0014       [0]    SSPOV_bit
0x0014       [0]    CKP_bit
0x0014       [0]    SSPM1_bit
0x0014       [0]    SSPM0_bit
0x0014       [0]    SSPM2_bit
0x0014       [0]    SSPM3_bit
0x0015       [1]    CCPR1L
0x0015       [2]    CCPR
0x0016       [1]    CCPR1H
0x0017       [0]    CCP1M2_bit
0x0017       [0]    CCP1M3_bit
0x0017       [0]    CCP1M0_bit
0x0017       [0]    CCP1M1_bit
0x0017       [0]    DC1B0_bit
0x0017       [0]    P1M0_bit
0x0017       [0]    P1M1_bit
0x0017       [1]    CCP1CON
0x0017       [0]    DC1B1_bit
0x0018       [0]    SREN_bit
0x0018       [0]    RX9_bit
0x0018       [0]    CREN_bit
0x0018       [0]    ADDEN_bit
0x0018       [0]    RX9D_bit
0x0018       [0]    SPEN_bit
0x0018       [1]    RCSTA
0x0018       [0]    FERR_bit
0x0018       [0]    OERR_bit
0x0019       [1]    TXREG
0x001A       [1]    RCREG
0x001C       [1]    PWM1CON
0x001C       [0]    PDC1_bit
0x001C       [0]    PDC0_bit
0x001C       [0]    PDC6_bit
0x001C       [0]    PDC5_bit
0x001C       [0]    PDC3_bit
0x001C       [0]    PDC2_bit
0x001C       [0]    PDC4_bit
0x001C       [0]    PRSEN_bit
0x001D       [0]    PSSAC0_bit
0x001D       [0]    ECCPAS0_bit
0x001D       [0]    PSSAC1_bit
0x001D       [1]    ECCPAS
0x001D       [0]    ECCPAS1_bit
0x001D       [0]    ECCPASE_bit
0x001D       [0]    PSSBD1_bit
0x001D       [0]    ECCPAS2_bit
0x001D       [0]    PSSBD0_bit
0x001E       [1]    ADRESH
0x001F       [0]    ADFM_bit
0x001F       [0]    VCFG_bit
0x001F       [0]    NOT_DONE_bit
0x001F       [0]    GO_bit
0x001F       [0]    ADON_bit
0x001F       [0]    GO_DONE_bit
0x001F       [0]    CHS0_bit
0x001F       [0]    CHS2_bit
0x001F       [0]    CHS3_bit
0x001F       [1]    ADCON0
0x001F       [0]    CHS1_bit
0x0020       [2]    ___DoICPAddr
0x0022       [1]    _rcv
0x0023       [1]    ___saveSTATUS
0x0024       [1]    ___savePCLATH
0x0025       [2]    FARG_SendStringSerially_st
0x0027       [1]    FARG_SendByteSerially_Byte
0x0070       [1]    R0
0x0071       [1]    R1
0x0072       [1]    R2
0x0073       [1]    R3
0x0074       [1]    R4
0x0075       [1]    R5
0x0076       [1]    R6
0x0077       [1]    R7
0x0078       [1]    R8
0x0079       [1]    R9
0x007A       [1]    R10
0x007B       [1]    R11
0x007C       [1]    R12
0x007D       [1]    R13
0x007E       [1]    R14
0x007F       [1]    R15
0x0081       [0]    NOT_RABPU_bit
0x0081       [0]    PSA_bit
0x0081       [0]    PS1_bit
0x0081       [0]    T0SE_bit
0x0081       [0]    T0CS_bit
0x0081       [0]    PS0_bit
0x0081       [0]    INTEDG_bit
0x0081       [1]    OPTION_REG
0x0081       [0]    PS2_bit
0x0085       [0]    TRISA5_bit
0x0085       [0]    TRISA0_bit
0x0085       [0]    TRISA1_bit
0x0085       [0]    TRISA4_bit
0x0085       [1]    TRISA
0x0085       [0]    TRISA3_bit
0x0085       [0]    TRISA2_bit
0x0086       [1]    TRISB
0x0086       [0]    TRISB5_bit
0x0086       [0]    TRISB4_bit
0x0086       [0]    TRISB6_bit
0x0086       [0]    TRISB7_bit
0x0087       [0]    TRISC1_bit
0x0087       [1]    TRISC
0x0087       [0]    TRISC0_bit
0x0087       [0]    TRISC5_bit
0x0087       [0]    TRISC4_bit
0x0087       [0]    TRISC7_bit
0x0087       [0]    TRISC6_bit
0x0087       [0]    TRISC3_bit
0x0087       [0]    TRISC2_bit
0x008C       [0]    TMR2IE_bit
0x008C       [0]    T2IE_bit
0x008C       [1]    PIE1
0x008C       [0]    T1IE_bit
0x008C       [0]    TMR1IE_bit
0x008C       [0]    ADIE_bit
0x008C       [0]    RCIE_bit
0x008C       [0]    TXIE_bit
0x008C       [0]    CCP1IE_bit
0x008C       [0]    SSPIE_bit
0x008D       [0]    EEIE_bit
0x008D       [1]    PIE2
0x008D       [0]    C1IE_bit
0x008D       [0]    OSFIE_bit
0x008D       [0]    C2IE_bit
0x008E       [0]    NOT_BOR_bit
0x008E       [1]    PCON
0x008E       [0]    ULPWUE_bit
0x008E       [0]    SBOREN_bit
0x008E       [0]    NOT_POR_bit
0x008F       [1]    OSCCON
0x008F       [0]    HTS_bit
0x008F       [0]    SCS_bit
0x008F       [0]    LTS_bit
0x008F       [0]    IRCF1_bit
0x008F       [0]    IRCF2_bit
0x008F       [0]    OSTS_bit
0x008F       [0]    IRCF0_bit
0x0090       [0]    TUN3_bit
0x0090       [0]    TUN4_bit
0x0090       [0]    TUN0_bit
0x0090       [1]    OSCTUNE
0x0090       [0]    TUN2_bit
0x0090       [0]    TUN1_bit
0x0092       [1]    PR2
0x0093       [1]    SSPMSK
0x0093       [1]    SSPADD
0x0093       [1]    MSK
0x0094       [1]    SSPSTAT
0x0094       [0]    I2C_STOP__bit
0x0094       [0]    P_bit
0x0094       [0]    DATA_ADDRESS_bit
0x0094       [0]    R_bit
0x0094       [0]    I2C_START__bit
0x0094       [0]    S_bit
0x0094       [0]    D_A_bit
0x0094       [0]    D_bit
0x0094       [0]    CKE_bit
0x0094       [0]    SMP_bit
0x0094       [0]    NOT_ADDRESS_bit
0x0094       [0]    NOT_A_bit
0x0094       [0]    I2C_DATA_bit
0x0094       [0]    BF_bit
0x0094       [0]    READ_WRITE_bit
0x0094       [0]    UA_bit
0x0094       [0]    R_W_bit
0x0094       [0]    NOT_W_bit
0x0094       [0]    I2C_READ_bit
0x0094       [0]    NOT_WRITE_bit
0x0095       [0]    WPUA2_bit
0x0095       [1]    WPU
0x0095       [0]    WPUA0_bit
0x0095       [0]    WPUA1_bit
0x0095       [0]    WPUA4_bit
0x0095       [1]    WPUA
0x0095       [0]    WPUA5_bit
0x0096       [1]    IOCA
0x0096       [1]    IOC
0x0096       [0]    IOCA3_bit
0x0096       [0]    IOCA4_bit
0x0096       [0]    IOCA5_bit
0x0096       [0]    IOCA0_bit
0x0096       [0]    IOCA1_bit
0x0096       [0]    IOCA2_bit
0x0096       [0]    IOC3_bit
0x0096       [0]    IOC4_bit
0x0096       [0]    IOC5_bit
0x0096       [0]    IOC1_bit
0x0096       [0]    IOC0_bit
0x0096       [0]    IOC2_bit
0x0097       [0]    WDTPS1_bit
0x0097       [0]    WDTPS0_bit
0x0097       [0]    SWDTEN_bit
0x0097       [1]    WDTCON
0x0097       [0]    WDTPS3_bit
0x0097       [0]    WDTPS2_bit
0x0098       [0]    CSRC_bit
0x0098       [0]    TRMT_bit
0x0098       [0]    BRGH_bit
0x0098       [0]    TX9D_bit
0x0098       [1]    TXSTA
0x0098       [0]    TXEN_bit
0x0098       [0]    TX9_bit
0x0098       [0]    SYNC_bit
0x0098       [0]    SENB_bit
0x0099       [0]    BRG3_bit
0x0099       [0]    BRG4_bit
0x0099       [0]    BRG2_bit
0x0099       [0]    BRG1_bit
0x0099       [0]    BRG0_bit
0x0099       [0]    BRG7_bit
0x0099       [1]    SPBRG
0x0099       [0]    BRG5_bit
0x0099       [0]    BRG6_bit
0x009A       [1]    SPBRGH
0x009A       [0]    BRG10_bit
0x009A       [0]    BRG9_bit
0x009A       [0]    BRG12_bit
0x009A       [0]    BRG11_bit
0x009A       [0]    BRG15_bit
0x009A       [0]    BRG8_bit
0x009A       [0]    BRG13_bit
0x009A       [0]    BRG14_bit
0x009B       [0]    ABDOVF_bit
0x009B       [1]    BAUDCTL
0x009B       [0]    WUE_bit
0x009B       [0]    ABDEN_bit
0x009B       [0]    RCIDL_bit
0x009B       [0]    SCKP_bit
0x009B       [0]    BRG16_bit
0x009E       [1]    ADRESL
0x009F       [1]    ADCON1
0x009F       [0]    ADCS0_bit
0x009F       [0]    ADCS1_bit
0x009F       [0]    ADCS2_bit
0x010C       [1]    EEDATA
0x010C       [1]    EEDAT
0x010D       [1]    EEADR
0x010E       [1]    EEDATH
0x010F       [1]    EEADRH
0x0115       [0]    WPUB5_bit
0x0115       [0]    WPUB4_bit
0x0115       [0]    WPUB6_bit
0x0115       [1]    WPUB
0x0115       [0]    WPUB7_bit
0x0116       [0]    IOCB5_bit
0x0116       [0]    IOCB4_bit
0x0116       [0]    IOCB6_bit
0x0116       [1]    IOCB
0x0116       [0]    IOCB7_bit
0x0118       [0]    VR1_bit
0x0118       [0]    VR2_bit
0x0118       [1]    VRCON
0x0118       [0]    VR0_bit
0x0118       [0]    VR3_bit
0x0118       [0]    C1VREN_bit
0x0118       [0]    C2VREN_bit
0x0118       [0]    VP6EN_bit
0x0118       [0]    VRR_bit
0x0119       [1]    CM1CON0
0x0119       [0]    C1ON_bit
0x0119       [0]    C1OUT_bit
0x0119       [0]    C1R_bit
0x0119       [0]    C1POL_bit
0x0119       [0]    C1CH0_bit
0x0119       [0]    C1OE_bit
0x0119       [0]    C1CH1_bit
0x011A       [0]    C2POL_bit
0x011A       [0]    C2OE_bit
0x011A       [0]    C2OUT_bit
0x011A       [0]    C2ON_bit
0x011A       [0]    C2CH0_bit
0x011A       [1]    CM2CON0
0x011A       [0]    C2R_bit
0x011A       [0]    C2CH1_bit
0x011B       [1]    CM2CON1
0x011B       [0]    MC1OUT_bit
0x011B       [0]    MC2OUT_bit
0x011B       [0]    C2SYNC_bit
0x011B       [0]    T1GSS_bit
0x011E       [0]    ANS7_bit
0x011E       [0]    ANS6_bit
0x011E       [0]    ANS0_bit
0x011E       [0]    ANS4_bit
0x011E       [0]    ANS5_bit
0x011E       [1]    ANSEL
0x011E       [0]    ANS2_bit
0x011E       [0]    ANS3_bit
0x011E       [0]    ANS1_bit
0x011F       [0]    ANS9_bit
0x011F       [0]    ANS10_bit
0x011F       [0]    ANS11_bit
0x011F       [0]    ANS8_bit
0x011F       [1]    ANSELH
0x018C       [1]    EECON1
0x018C       [0]    WR_bit
0x018C       [0]    WRERR_bit
0x018C       [0]    WREN_bit
0x018C       [0]    RD_bit
0x018C       [0]    EEPGD_bit
0x018D       [1]    EECON2
0x019D       [0]    STRSYNC_bit
0x019D       [0]    STRC_bit
0x019D       [0]    STRB_bit
0x019D       [0]    STRA_bit
0x019D       [0]    STRD_bit
0x019D       [1]    PSTRCON
0x019E       [0]    C2REN_bit
0x019E       [0]    C1SEN_bit
0x019E       [0]    PULSR_bit
0x019E       [0]    PULSS_bit
0x019E       [1]    SRCON
0x019E       [0]    SR1_bit
0x019E       [0]    SR0_bit
//** Constants locations ** 
//ADDRESS    SIZE    CONSTANT
//----------------------------------------------
0x009C      [13]    ?lstr_1_usar_hello_world
//** Label List: ** 
//----------------------------------------------
  L_SendByteSerially0
  L_SendByteSerially1
  L_ReceiveByteSerially2
  L_ReceiveByteSerially3
  L_ReceiveByteSerially4
  L_SendStringSerially5
  L_SendStringSerially6
  L_interrupt7
  L_interrupt8
  L_main9
  L_main10
  L_main11
  L_main12
  L_main13
  L_main14
  L_main15
  L_main16
  L_main17
  L__main18
  L__main19
  _InitUART
  _SendByteSerially
  _ReceiveByteSerially
  _SendStringSerially
  _interrupt
  L__interrupt20
  _main
  _CC2D_Loop1
  _____DoICP
  _____DoIFC
  ___CC2DW
  _Swap
  L_SendByteSerially0
  L_SendByteSerially1
  L_ReceiveByteSerially2
  L_ReceiveByteSerially3
  L_ReceiveByteSerially4
  L_SendStringSerially5
  L_SendStringSerially6
  L_interrupt7
  L_interrupt8
  L_main9
  L_main10
  L_main11
  L_main12
  L_main13
  L_main14
  L_main15
  L_main16
  L_main17
  L__main18
  L__main19
  _InitUART
  _SendByteSerially
  _ReceiveByteSerially
  _SendStringSerially
  _interrupt
  L__interrupt20
  _main
