;  LST file generated by mikroListExporter - v.2.0 
; Date/Time: 7/6/2013 6:16:34 AM
;----------------------------------------------

;Address Opcode 	ASM
0x0000	0x29F7      	GOTO       503
_interrupt:
0x0004	0x00FF      	MOVWF      R15
0x0005	0x0E03      	SWAPF      STATUS, 0
0x0006	0x0183      	CLRF       STATUS
0x0007	0x00CC      	MOVWF      ___saveSTATUS
0x0008	0x080A      	MOVF       PCLATH, 0
0x0009	0x00CB      	MOVWF      ___savePCLATH
0x000A	0x018A      	CLRF       PCLATH
0x000B	0x0870      	MOVF       R0, 0
0x000C	0x00A0      	MOVWF      32
;TIMER_1_SIMPLE_SEC_MIN_LCD.c,28 :: 		void interrupt (void)
;TIMER_1_SIMPLE_SEC_MIN_LCD.c,29 :: 		{if (TMR1IE_bit=1 && TMR1IF_bit==1)
0x000D	0x1C0C      	BTFSS      TMR1IF_bit, 0
0x000E	0x2812      	GOTO       L_interrupt1
0x000F	0x3001      	MOVLW      1
0x0010	0x00F0      	MOVWF      R0
0x0011	0x2813      	GOTO       L_interrupt0
L_interrupt1:
0x0012	0x01F0      	CLRF       R0
L_interrupt0:
0x0013	0x1870      	BTFSC      R0, 0
0x0014	0x2818      	GOTO       L__interrupt10
0x0015	0x1683      	BSF        STATUS, 5
0x0016	0x100C      	BCF        TMR1IE_bit, 0
0x0017	0x281A      	GOTO       L__interrupt11
L__interrupt10:
0x0018	0x1683      	BSF        STATUS, 5
0x0019	0x140C      	BSF        TMR1IE_bit, 0
L__interrupt11:
0x001A	0x1C0C      	BTFSS      TMR1IE_bit, 0
0x001B	0x2825      	GOTO       L_interrupt2
;TIMER_1_SIMPLE_SEC_MIN_LCD.c,30 :: 		{ count++;
0x001C	0x1283      	BCF        STATUS, 5
0x001D	0x0ABA      	INCF       _count, 1
0x001E	0x1903      	BTFSC      STATUS, 2
0x001F	0x0ABB      	INCF       _count+1, 1
;TIMER_1_SIMPLE_SEC_MIN_LCD.c,31 :: 		TMR1IF_bit=0;
0x0020	0x100C      	BCF        TMR1IF_bit, 0
;TIMER_1_SIMPLE_SEC_MIN_LCD.c,33 :: 		TMR1H=0x3C;
0x0021	0x303C      	MOVLW      60
0x0022	0x008F      	MOVWF      TMR1H
;TIMER_1_SIMPLE_SEC_MIN_LCD.c,34 :: 		TMR1L=0xAF;
0x0023	0x30AF      	MOVLW      175
0x0024	0x008E      	MOVWF      TMR1L
;TIMER_1_SIMPLE_SEC_MIN_LCD.c,35 :: 		}
L_interrupt2:
;TIMER_1_SIMPLE_SEC_MIN_LCD.c,36 :: 		}
L__interrupt9:
0x0025	0x1283      	BCF        STATUS, 5
0x0026	0x0820      	MOVF       32, 0
0x0027	0x00F0      	MOVWF      R0
0x0028	0x084B      	MOVF       ___savePCLATH, 0
0x0029	0x008A      	MOVWF      PCLATH
0x002A	0x0E4C      	SWAPF      ___saveSTATUS, 0
0x002B	0x0083      	MOVWF      STATUS
0x002C	0x0EFF      	SWAPF      R15, 1
0x002D	0x0E7F      	SWAPF      R15, 0
0x002E	0x0009      	RETFIE
; end of _interrupt
_Delay_1us:
;__Lib_Delays.c,7 :: 		void Delay_1us() {
;__Lib_Delays.c,8 :: 		Delay_us(1);
0x002F	0x0000      	NOP
;__Lib_Delays.c,9 :: 		}
0x0030	0x0008      	RETURN
; end of _Delay_1us
_Delay_50us:
;__Lib_Delays.c,19 :: 		void Delay_50us() {
;__Lib_Delays.c,20 :: 		Delay_us(50);
0x0031	0x3010      	MOVLW      16
0x0032	0x1283      	BCF        STATUS, 5
0x0033	0x1303      	BCF        STATUS, 6
0x0034	0x00FD      	MOVWF      R13
L_Delay_50us2:
0x0035	0x0BFD      	DECFSZ     R13, 1
0x0036	0x2835      	GOTO       L_Delay_50us2
0x0037	0x0000      	NOP
;__Lib_Delays.c,21 :: 		}
0x0038	0x0008      	RETURN
; end of _Delay_50us
_Delay_5500us:
;__Lib_Delays.c,31 :: 		void Delay_5500us() {
;__Lib_Delays.c,32 :: 		Delay_us(5500);
0x0039	0x3008      	MOVLW      8
0x003A	0x1283      	BCF        STATUS, 5
0x003B	0x1303      	BCF        STATUS, 6
0x003C	0x00FC      	MOVWF      R12
0x003D	0x3023      	MOVLW      35
0x003E	0x00FD      	MOVWF      R13
L_Delay_5500us5:
0x003F	0x0BFD      	DECFSZ     R13, 1
0x0040	0x283F      	GOTO       L_Delay_5500us5
0x0041	0x0BFC      	DECFSZ     R12, 1
0x0042	0x283F      	GOTO       L_Delay_5500us5
;__Lib_Delays.c,33 :: 		}
0x0043	0x0008      	RETURN
; end of _Delay_5500us
_Lcd_Cmd:
;__Lib_Lcd.c,18 :: 		
;__Lib_Lcd.c,20 :: 		
0x0044	0x1283      	BCF        STATUS, 5
0x0045	0x1303      	BCF        STATUS, 6
0x0046	0x1BD2      	BTFSC      FARG_Lcd_Cmd_out_char, 7
0x0047	0x284A      	GOTO       L__Lcd_Cmd20
0x0048	0x1187      	BCF        LCD_D7, BitPos(LCD_D7+0)
0x0049	0x284B      	GOTO       L__Lcd_Cmd21
L__Lcd_Cmd20:
0x004A	0x1587      	BSF        LCD_D7, BitPos(LCD_D7+0)
L__Lcd_Cmd21:
;__Lib_Lcd.c,21 :: 		
0x004B	0x1B52      	BTFSC      FARG_Lcd_Cmd_out_char, 6
0x004C	0x284F      	GOTO       L__Lcd_Cmd22
0x004D	0x1107      	BCF        LCD_D6, BitPos(LCD_D6+0)
0x004E	0x2850      	GOTO       L__Lcd_Cmd23
L__Lcd_Cmd22:
0x004F	0x1507      	BSF        LCD_D6, BitPos(LCD_D6+0)
L__Lcd_Cmd23:
;__Lib_Lcd.c,22 :: 		
0x0050	0x1AD2      	BTFSC      FARG_Lcd_Cmd_out_char, 5
0x0051	0x2854      	GOTO       L__Lcd_Cmd24
0x0052	0x1087      	BCF        LCD_D5, BitPos(LCD_D5+0)
0x0053	0x2855      	GOTO       L__Lcd_Cmd25
L__Lcd_Cmd24:
0x0054	0x1487      	BSF        LCD_D5, BitPos(LCD_D5+0)
L__Lcd_Cmd25:
;__Lib_Lcd.c,23 :: 		
0x0055	0x1A52      	BTFSC      FARG_Lcd_Cmd_out_char, 4
0x0056	0x2859      	GOTO       L__Lcd_Cmd26
0x0057	0x1007      	BCF        LCD_D4, BitPos(LCD_D4+0)
0x0058	0x285A      	GOTO       L__Lcd_Cmd27
L__Lcd_Cmd26:
0x0059	0x1407      	BSF        LCD_D4, BitPos(LCD_D4+0)
L__Lcd_Cmd27:
;__Lib_Lcd.c,25 :: 		
0x005A	0x184A      	BTFSC      __Lib_Lcd_cmd_status, BitPos(__Lib_Lcd_cmd_status+0)
0x005B	0x285E      	GOTO       L__Lcd_Cmd28
0x005C	0x1607      	BSF        LCD_RS, BitPos(LCD_RS+0)
0x005D	0x285F      	GOTO       L__Lcd_Cmd29
L__Lcd_Cmd28:
0x005E	0x1207      	BCF        LCD_RS, BitPos(LCD_RS+0)
L__Lcd_Cmd29:
;__Lib_Lcd.c,28 :: 		
0x005F	0x1687      	BSF        LCD_EN, BitPos(LCD_EN+0)
;__Lib_Lcd.c,29 :: 		
0x0060	0x202F      	CALL       _Delay_1us
;__Lib_Lcd.c,30 :: 		
0x0061	0x1287      	BCF        LCD_EN, BitPos(LCD_EN+0)
;__Lib_Lcd.c,33 :: 		
0x0062	0x19D2      	BTFSC      FARG_Lcd_Cmd_out_char, 3
0x0063	0x2866      	GOTO       L__Lcd_Cmd30
0x0064	0x1187      	BCF        LCD_D7, BitPos(LCD_D7+0)
0x0065	0x2867      	GOTO       L__Lcd_Cmd31
L__Lcd_Cmd30:
0x0066	0x1587      	BSF        LCD_D7, BitPos(LCD_D7+0)
L__Lcd_Cmd31:
;__Lib_Lcd.c,34 :: 		
0x0067	0x1952      	BTFSC      FARG_Lcd_Cmd_out_char, 2
0x0068	0x286B      	GOTO       L__Lcd_Cmd32
0x0069	0x1107      	BCF        LCD_D6, BitPos(LCD_D6+0)
0x006A	0x286C      	GOTO       L__Lcd_Cmd33
L__Lcd_Cmd32:
0x006B	0x1507      	BSF        LCD_D6, BitPos(LCD_D6+0)
L__Lcd_Cmd33:
;__Lib_Lcd.c,35 :: 		
0x006C	0x18D2      	BTFSC      FARG_Lcd_Cmd_out_char, 1
0x006D	0x2870      	GOTO       L__Lcd_Cmd34
0x006E	0x1087      	BCF        LCD_D5, BitPos(LCD_D5+0)
0x006F	0x2871      	GOTO       L__Lcd_Cmd35
L__Lcd_Cmd34:
0x0070	0x1487      	BSF        LCD_D5, BitPos(LCD_D5+0)
L__Lcd_Cmd35:
;__Lib_Lcd.c,36 :: 		
0x0071	0x1852      	BTFSC      FARG_Lcd_Cmd_out_char, 0
0x0072	0x2875      	GOTO       L__Lcd_Cmd36
0x0073	0x1007      	BCF        LCD_D4, BitPos(LCD_D4+0)
0x0074	0x2876      	GOTO       L__Lcd_Cmd37
L__Lcd_Cmd36:
0x0075	0x1407      	BSF        LCD_D4, BitPos(LCD_D4+0)
L__Lcd_Cmd37:
;__Lib_Lcd.c,38 :: 		
0x0076	0x184A      	BTFSC      __Lib_Lcd_cmd_status, BitPos(__Lib_Lcd_cmd_status+0)
0x0077	0x287A      	GOTO       L__Lcd_Cmd38
0x0078	0x1607      	BSF        LCD_RS, BitPos(LCD_RS+0)
0x0079	0x287B      	GOTO       L__Lcd_Cmd39
L__Lcd_Cmd38:
0x007A	0x1207      	BCF        LCD_RS, BitPos(LCD_RS+0)
L__Lcd_Cmd39:
;__Lib_Lcd.c,40 :: 		
0x007B	0x1687      	BSF        LCD_EN, BitPos(LCD_EN+0)
;__Lib_Lcd.c,41 :: 		
0x007C	0x202F      	CALL       _Delay_1us
;__Lib_Lcd.c,42 :: 		
0x007D	0x1287      	BCF        LCD_EN, BitPos(LCD_EN+0)
;__Lib_Lcd.c,44 :: 		
0x007E	0x1C4A      	BTFSS      __Lib_Lcd_cmd_status, BitPos(__Lib_Lcd_cmd_status+0)
0x007F	0x2882      	GOTO       L_Lcd_Cmd0
;__Lib_Lcd.c,45 :: 		
0x0080	0x2039      	CALL       _Delay_5500us
0x0081	0x2883      	GOTO       L_Lcd_Cmd1
L_Lcd_Cmd0:
;__Lib_Lcd.c,47 :: 		
0x0082	0x2031      	CALL       _Delay_50us
L_Lcd_Cmd1:
;__Lib_Lcd.c,48 :: 		
0x0083	0x0008      	RETURN
; end of _Lcd_Cmd
_____DoICP:
;__Lib_System.c,6 :: 		
;__Lib_System.c,9 :: 		
0x0084	0x1283      	BCF        STATUS, 5
0x0085	0x1303      	BCF        STATUS, 6
0x0086	0x0849      	MOVF       ___DoICPAddr+1, 0
0x0087	0x008A      	MOVWF      PCLATH
;__Lib_System.c,10 :: 		
0x0088	0x0848      	MOVF       ___DoICPAddr, 0
0x0089	0x0082      	MOVWF      PCL
;__Lib_System.c,12 :: 		
0x008A	0x0008      	RETURN
; end of _____DoICP
_Div_16x16_S_L:
;__Lib_Math.c,420 :: 		
;__Lib_Math.c,426 :: 		
0x008B	0x0D71      	RLF        R1, 0
;__Lib_Math.c,427 :: 		
0x008C	0x0DF8      	RLF        R8, 1
;__Lib_Math.c,428 :: 		
0x008D	0x0DF9      	RLF        R9, 1
;__Lib_Math.c,429 :: 		
0x008E	0x0874      	MOVF       R4, 0
;__Lib_Math.c,430 :: 		
0x008F	0x02F8      	SUBWF      R8, 1
;__Lib_Math.c,431 :: 		
0x0090	0x0875      	MOVF       R5, 0
;__Lib_Math.c,432 :: 		
0x0091	0x1C03      	BTFSS      STATUS, 0
;__Lib_Math.c,433 :: 		
0x0092	0x0F75      	INCFSZ     R5, 0
;__Lib_Math.c,434 :: 		
0x0093	0x02F9      	SUBWF      R9, 1
;__Lib_Math.c,435 :: 		
0x0094	0x0DF0      	RLF        R0, 1
;__Lib_Math.c,436 :: 		
0x0095	0x0DF1      	RLF        R1, 1
;__Lib_Math.c,438 :: 		
0x0096	0x300F      	MOVLW      15
;__Lib_Math.c,439 :: 		
0x0097	0x00FC      	MOVWF      R12
;__Lib_Math.c,441 :: 		
0x0098	0x0D71      	RLF        R1, 0
;__Lib_Math.c,442 :: 		
0x0099	0x0DF8      	RLF        R8, 1
;__Lib_Math.c,443 :: 		
0x009A	0x0DF9      	RLF        R9, 1
;__Lib_Math.c,444 :: 		
0x009B	0x0874      	MOVF       R4, 0
;__Lib_Math.c,446 :: 		
0x009C	0x1C70      	BTFSS      R0, 0
;__Lib_Math.c,447 :: 		
0x009D	0x28A4      	GOTO       $+7
;__Lib_Math.c,448 :: 		
0x009E	0x02F8      	SUBWF      R8, 1
;__Lib_Math.c,449 :: 		
0x009F	0x0875      	MOVF       R5, 0
;__Lib_Math.c,450 :: 		
0x00A0	0x1C03      	BTFSS      STATUS, 0
;__Lib_Math.c,451 :: 		
0x00A1	0x0F75      	INCFSZ     R5, 0
;__Lib_Math.c,452 :: 		
0x00A2	0x02F9      	SUBWF      R9, 1
;__Lib_Math.c,453 :: 		
0x00A3	0x28A9      	GOTO       $+6
;__Lib_Math.c,455 :: 		
0x00A4	0x07F8      	ADDWF      R8, 1
;__Lib_Math.c,456 :: 		
0x00A5	0x0875      	MOVF       R5, 0
;__Lib_Math.c,457 :: 		
0x00A6	0x1803      	BTFSC      STATUS, 0
;__Lib_Math.c,458 :: 		
0x00A7	0x0F75      	INCFSZ     R5, 0
;__Lib_Math.c,459 :: 		
0x00A8	0x07F9      	ADDWF      R9, 1
;__Lib_Math.c,461 :: 		
0x00A9	0x0DF0      	RLF        R0, 1
;__Lib_Math.c,462 :: 		
0x00AA	0x0DF1      	RLF        R1, 1
;__Lib_Math.c,464 :: 		
0x00AB	0x0BFC      	DECFSZ     R12, 1
;__Lib_Math.c,465 :: 		
0x00AC	0x2898      	GOTO       $-20
;__Lib_Math.c,467 :: 		
0x00AD	0x1870      	BTFSC      R0, 0
;__Lib_Math.c,468 :: 		
0x00AE	0x28B5      	GOTO       $+7
;__Lib_Math.c,469 :: 		
0x00AF	0x0874      	MOVF       R4, 0
;__Lib_Math.c,470 :: 		
0x00B0	0x07F8      	ADDWF      R8, 1
;__Lib_Math.c,471 :: 		
0x00B1	0x0875      	MOVF       R5, 0
;__Lib_Math.c,472 :: 		
0x00B2	0x1803      	BTFSC      STATUS, 0
;__Lib_Math.c,473 :: 		
0x00B3	0x0F75      	INCFSZ     R5, 0
;__Lib_Math.c,474 :: 		
0x00B4	0x07F9      	ADDWF      R9, 1
;__Lib_Math.c,475 :: 		
0x00B5	0x0000      	NOP
;__Lib_Math.c,477 :: 		
0x00B6	0x0008      	RETURN
; end of _Div_16x16_S_L
_Lcd_Chr_CP:
;__Lib_Lcd.c,50 :: 		
;__Lib_Lcd.c,52 :: 		
0x00B7	0x1283      	BCF        STATUS, 5
0x00B8	0x1303      	BCF        STATUS, 6
0x00B9	0x104A      	BCF        __Lib_Lcd_cmd_status, BitPos(__Lib_Lcd_cmd_status+0)
;__Lib_Lcd.c,53 :: 		
0x00BA	0x0851      	MOVF       FARG_Lcd_Chr_CP_out_char, 0
0x00BB	0x00D2      	MOVWF      FARG_Lcd_Cmd_out_char
0x00BC	0x2044      	CALL       _Lcd_Cmd
;__Lib_Lcd.c,54 :: 		
0x00BD	0x144A      	BSF        __Lib_Lcd_cmd_status, BitPos(__Lib_Lcd_cmd_status+0)
;__Lib_Lcd.c,55 :: 		
0x00BE	0x0008      	RETURN
; end of _Lcd_Chr_CP
_Lcd_Chr:
;__Lib_Lcd.c,65 :: 		
;__Lib_Lcd.c,66 :: 		
0x00BF	0x28D1      	GOTO       L_Lcd_Chr4
;__Lib_Lcd.c,67 :: 		
L_Lcd_Chr6:
0x00C0	0x3080      	MOVLW      128
0x00C1	0x1283      	BCF        STATUS, 5
0x00C2	0x1303      	BCF        STATUS, 6
0x00C3	0x00CD      	MOVWF      FARG_Lcd_Chr_row
0x00C4	0x28E4      	GOTO       L_Lcd_Chr5
;__Lib_Lcd.c,68 :: 		
L_Lcd_Chr7:
0x00C5	0x30C0      	MOVLW      192
0x00C6	0x00CD      	MOVWF      FARG_Lcd_Chr_row
0x00C7	0x28E4      	GOTO       L_Lcd_Chr5
;__Lib_Lcd.c,69 :: 		
L_Lcd_Chr8:
0x00C8	0x3094      	MOVLW      148
0x00C9	0x00CD      	MOVWF      FARG_Lcd_Chr_row
0x00CA	0x28E4      	GOTO       L_Lcd_Chr5
;__Lib_Lcd.c,70 :: 		
L_Lcd_Chr9:
0x00CB	0x30D4      	MOVLW      212
0x00CC	0x00CD      	MOVWF      FARG_Lcd_Chr_row
0x00CD	0x28E4      	GOTO       L_Lcd_Chr5
;__Lib_Lcd.c,71 :: 		
L_Lcd_Chr10:
0x00CE	0x3080      	MOVLW      128
0x00CF	0x00CD      	MOVWF      FARG_Lcd_Chr_row
;__Lib_Lcd.c,72 :: 		
0x00D0	0x28E4      	GOTO       L_Lcd_Chr5
L_Lcd_Chr4:
0x00D1	0x1283      	BCF        STATUS, 5
0x00D2	0x1303      	BCF        STATUS, 6
0x00D3	0x084D      	MOVF       FARG_Lcd_Chr_row, 0
0x00D4	0x3A01      	XORLW      1
0x00D5	0x1903      	BTFSC      STATUS, 2
0x00D6	0x28C0      	GOTO       L_Lcd_Chr6
0x00D7	0x084D      	MOVF       FARG_Lcd_Chr_row, 0
0x00D8	0x3A02      	XORLW      2
0x00D9	0x1903      	BTFSC      STATUS, 2
0x00DA	0x28C5      	GOTO       L_Lcd_Chr7
0x00DB	0x084D      	MOVF       FARG_Lcd_Chr_row, 0
0x00DC	0x3A03      	XORLW      3
0x00DD	0x1903      	BTFSC      STATUS, 2
0x00DE	0x28C8      	GOTO       L_Lcd_Chr8
0x00DF	0x084D      	MOVF       FARG_Lcd_Chr_row, 0
0x00E0	0x3A04      	XORLW      4
0x00E1	0x1903      	BTFSC      STATUS, 2
0x00E2	0x28CB      	GOTO       L_Lcd_Chr9
0x00E3	0x28CE      	GOTO       L_Lcd_Chr10
L_Lcd_Chr5:
;__Lib_Lcd.c,74 :: 		
0x00E4	0x034E      	DECF       FARG_Lcd_Chr_column, 0
0x00E5	0x00F0      	MOVWF      R0
0x00E6	0x084D      	MOVF       FARG_Lcd_Chr_row, 0
0x00E7	0x07F0      	ADDWF      R0, 1
0x00E8	0x0870      	MOVF       R0, 0
0x00E9	0x00CD      	MOVWF      FARG_Lcd_Chr_row
;__Lib_Lcd.c,76 :: 		
0x00EA	0x144A      	BSF        __Lib_Lcd_cmd_status, BitPos(__Lib_Lcd_cmd_status+0)
;__Lib_Lcd.c,77 :: 		
0x00EB	0x0870      	MOVF       R0, 0
0x00EC	0x00D2      	MOVWF      FARG_Lcd_Cmd_out_char
0x00ED	0x2044      	CALL       _Lcd_Cmd
;__Lib_Lcd.c,79 :: 		
0x00EE	0x104A      	BCF        __Lib_Lcd_cmd_status, BitPos(__Lib_Lcd_cmd_status+0)
;__Lib_Lcd.c,80 :: 		
0x00EF	0x084F      	MOVF       FARG_Lcd_Chr_out_char, 0
0x00F0	0x00D2      	MOVWF      FARG_Lcd_Cmd_out_char
0x00F1	0x2044      	CALL       _Lcd_Cmd
;__Lib_Lcd.c,81 :: 		
0x00F2	0x144A      	BSF        __Lib_Lcd_cmd_status, BitPos(__Lib_Lcd_cmd_status+0)
;__Lib_Lcd.c,82 :: 		
0x00F3	0x0008      	RETURN
; end of _Lcd_Chr
_Lcd_Out:
;__Lib_Lcd.c,184 :: 		
;__Lib_Lcd.c,187 :: 		
0x00F4	0x2906      	GOTO       L_Lcd_Out11
;__Lib_Lcd.c,188 :: 		
L_Lcd_Out13:
0x00F5	0x3080      	MOVLW      128
0x00F6	0x1283      	BCF        STATUS, 5
0x00F7	0x1303      	BCF        STATUS, 6
0x00F8	0x00CD      	MOVWF      FARG_Lcd_Out_row
0x00F9	0x2919      	GOTO       L_Lcd_Out12
;__Lib_Lcd.c,189 :: 		
L_Lcd_Out14:
0x00FA	0x30C0      	MOVLW      192
0x00FB	0x00CD      	MOVWF      FARG_Lcd_Out_row
0x00FC	0x2919      	GOTO       L_Lcd_Out12
;__Lib_Lcd.c,190 :: 		
L_Lcd_Out15:
0x00FD	0x3094      	MOVLW      148
0x00FE	0x00CD      	MOVWF      FARG_Lcd_Out_row
0x00FF	0x2919      	GOTO       L_Lcd_Out12
;__Lib_Lcd.c,191 :: 		
L_Lcd_Out16:
0x0100	0x30D4      	MOVLW      212
0x0101	0x00CD      	MOVWF      FARG_Lcd_Out_row
0x0102	0x2919      	GOTO       L_Lcd_Out12
;__Lib_Lcd.c,192 :: 		
L_Lcd_Out17:
0x0103	0x3080      	MOVLW      128
0x0104	0x00CD      	MOVWF      FARG_Lcd_Out_row
;__Lib_Lcd.c,193 :: 		
0x0105	0x2919      	GOTO       L_Lcd_Out12
L_Lcd_Out11:
0x0106	0x1283      	BCF        STATUS, 5
0x0107	0x1303      	BCF        STATUS, 6
0x0108	0x084D      	MOVF       FARG_Lcd_Out_row, 0
0x0109	0x3A01      	XORLW      1
0x010A	0x1903      	BTFSC      STATUS, 2
0x010B	0x28F5      	GOTO       L_Lcd_Out13
0x010C	0x084D      	MOVF       FARG_Lcd_Out_row, 0
0x010D	0x3A02      	XORLW      2
0x010E	0x1903      	BTFSC      STATUS, 2
0x010F	0x28FA      	GOTO       L_Lcd_Out14
0x0110	0x084D      	MOVF       FARG_Lcd_Out_row, 0
0x0111	0x3A03      	XORLW      3
0x0112	0x1903      	BTFSC      STATUS, 2
0x0113	0x28FD      	GOTO       L_Lcd_Out15
0x0114	0x084D      	MOVF       FARG_Lcd_Out_row, 0
0x0115	0x3A04      	XORLW      4
0x0116	0x1903      	BTFSC      STATUS, 2
0x0117	0x2900      	GOTO       L_Lcd_Out16
0x0118	0x2903      	GOTO       L_Lcd_Out17
L_Lcd_Out12:
;__Lib_Lcd.c,194 :: 		
0x0119	0x034E      	DECF       FARG_Lcd_Out_column, 0
0x011A	0x00F0      	MOVWF      R0
0x011B	0x084D      	MOVF       FARG_Lcd_Out_row, 0
0x011C	0x07F0      	ADDWF      R0, 1
0x011D	0x0870      	MOVF       R0, 0
0x011E	0x00CD      	MOVWF      FARG_Lcd_Out_row
;__Lib_Lcd.c,196 :: 		
0x011F	0x0870      	MOVF       R0, 0
0x0120	0x00D2      	MOVWF      FARG_Lcd_Cmd_out_char
0x0121	0x2044      	CALL       _Lcd_Cmd
;__Lib_Lcd.c,197 :: 		
0x0122	0x104A      	BCF        __Lib_Lcd_cmd_status, BitPos(__Lib_Lcd_cmd_status+0)
;__Lib_Lcd.c,198 :: 		
0x0123	0x01D0      	CLRF       Lcd_Out_i_L0
;__Lib_Lcd.c,199 :: 		
L_Lcd_Out18:
0x0124	0x0850      	MOVF       Lcd_Out_i_L0, 0
0x0125	0x074F      	ADDWF      FARG_Lcd_Out_text, 0
0x0126	0x0084      	MOVWF      FSR
0x0127	0x0800      	MOVF       INDF, 0
0x0128	0x1903      	BTFSC      STATUS, 2
0x0129	0x2932      	GOTO       L_Lcd_Out19
;__Lib_Lcd.c,200 :: 		
0x012A	0x0850      	MOVF       Lcd_Out_i_L0, 0
0x012B	0x074F      	ADDWF      FARG_Lcd_Out_text, 0
0x012C	0x0084      	MOVWF      FSR
0x012D	0x0800      	MOVF       INDF, 0
0x012E	0x00D1      	MOVWF      FARG_Lcd_Chr_CP_out_char
0x012F	0x20B7      	CALL       _Lcd_Chr_CP
0x0130	0x0AD0      	INCF       Lcd_Out_i_L0, 1
0x0131	0x2924      	GOTO       L_Lcd_Out18
L_Lcd_Out19:
;__Lib_Lcd.c,201 :: 		
0x0132	0x144A      	BSF        __Lib_Lcd_cmd_status, BitPos(__Lib_Lcd_cmd_status+0)
;__Lib_Lcd.c,202 :: 		
0x0133	0x0008      	RETURN
; end of _Lcd_Out
_Div_16x16_S:
;__Lib_Math.c,479 :: 		
;__Lib_Math.c,487 :: 		
0x0134	0x1283      	BCF        STATUS, 5
0x0135	0x1303      	BCF        STATUS, 6
0x0136	0x0874      	MOVF       R4, 0
0x0137	0x3A00      	XORLW      0
0x0138	0x1D03      	BTFSS      STATUS, 2
0x0139	0x2943      	GOTO       L_Div_16x16_S0
;__Lib_Math.c,488 :: 		
0x013A	0x0875      	MOVF       R5, 0
0x013B	0x3A00      	XORLW      0
0x013C	0x1D03      	BTFSS      STATUS, 2
0x013D	0x2943      	GOTO       L_Div_16x16_S1
;__Lib_Math.c,489 :: 		
0x013E	0x30FF      	MOVLW      255
0x013F	0x00F0      	MOVWF      R0
;__Lib_Math.c,490 :: 		
0x0140	0x307F      	MOVLW      127
0x0141	0x00F1      	MOVWF      R1
;__Lib_Math.c,491 :: 		
0x0142	0x0008      	RETURN
;__Lib_Math.c,492 :: 		
L_Div_16x16_S1:
L_Div_16x16_S0:
;__Lib_Math.c,495 :: 		
0x0143	0x1283      	BCF        STATUS, 5
;__Lib_Math.c,496 :: 		
0x0144	0x1303      	BCF        STATUS, 6
;__Lib_Math.c,497 :: 		
0x0145	0x01FD      	CLRF       R13
;__Lib_Math.c,498 :: 		
0x0146	0x01F9      	CLRF       R9
;__Lib_Math.c,499 :: 		
0x0147	0x01F8      	CLRF       R8
;__Lib_Math.c,500 :: 		
0x0148	0x0871      	MOVF       R1, 0
;__Lib_Math.c,501 :: 		
0x0149	0x0470      	IORWF      R0, 0
;__Lib_Math.c,502 :: 		
0x014A	0x1903      	BTFSC      STATUS, 2
;__Lib_Math.c,503 :: 		
0x014B	0x3400      	RETLW      0
;__Lib_Math.c,505 :: 		
0x014C	0x0871      	MOVF       R1, 0
;__Lib_Math.c,506 :: 		
0x014D	0x0675      	XORWF      R5, 0
;__Lib_Math.c,507 :: 		
0x014E	0x00FA      	MOVWF      R10
;__Lib_Math.c,508 :: 		
0x014F	0x1BFA      	BTFSC      R10, 7
;__Lib_Math.c,509 :: 		
0x0150	0x09FD      	COMF       R13, 1
;__Lib_Math.c,511 :: 		
0x0151	0x01FB      	CLRF       R11
;__Lib_Math.c,513 :: 		
0x0152	0x1FF5      	BTFSS      R5, 7
;__Lib_Math.c,514 :: 		
0x0153	0x2959      	GOTO       $+6
;__Lib_Math.c,516 :: 		
0x0154	0x09F4      	COMF       R4, 1
;__Lib_Math.c,517 :: 		
0x0155	0x09F5      	COMF       R5, 1
;__Lib_Math.c,518 :: 		
0x0156	0x0AF4      	INCF       R4, 1
;__Lib_Math.c,519 :: 		
0x0157	0x1903      	BTFSC      STATUS, 2
;__Lib_Math.c,520 :: 		
0x0158	0x0AF5      	INCF       R5, 1
;__Lib_Math.c,522 :: 		
0x0159	0x1FF1      	BTFSS      R1, 7
;__Lib_Math.c,523 :: 		
0x015A	0x2960      	GOTO       $+6
;__Lib_Math.c,525 :: 		
0x015B	0x09F0      	COMF       R0, 1
;__Lib_Math.c,526 :: 		
0x015C	0x09F1      	COMF       R1, 1
;__Lib_Math.c,527 :: 		
0x015D	0x0AF0      	INCF       R0, 1
;__Lib_Math.c,528 :: 		
0x015E	0x1903      	BTFSC      STATUS, 2
;__Lib_Math.c,529 :: 		
0x015F	0x0AF1      	INCF       R1, 1
;__Lib_Math.c,531 :: 		
0x0160	0x0871      	MOVF       R1, 0
;__Lib_Math.c,532 :: 		
0x0161	0x0475      	IORWF      R5, 0
;__Lib_Math.c,533 :: 		
0x0162	0x00FA      	MOVWF      R10
;__Lib_Math.c,534 :: 		
0x0163	0x1BFA      	BTFSC      R10, 7
;__Lib_Math.c,535 :: 		
0x0164	0x2975      	GOTO       $+17
;__Lib_Math.c,537 :: 		
0x0165	0x208B      	CALL       _Div_16x16_S_L
;__Lib_Math.c,539 :: 		
0x0166	0x187B      	BTFSC      R11, 0
;__Lib_Math.c,540 :: 		
0x0167	0x2988      	GOTO       $+33
;__Lib_Math.c,542 :: 		
0x0168	0x1FFD      	BTFSS      R13, 7
;__Lib_Math.c,543 :: 		
0x0169	0x3400      	RETLW      0
;__Lib_Math.c,545 :: 		
0x016A	0x09F0      	COMF       R0, 1
;__Lib_Math.c,546 :: 		
0x016B	0x09F1      	COMF       R1, 1
;__Lib_Math.c,547 :: 		
0x016C	0x0AF0      	INCF       R0, 1
;__Lib_Math.c,548 :: 		
0x016D	0x1903      	BTFSC      STATUS, 2
;__Lib_Math.c,549 :: 		
0x016E	0x0AF1      	INCF       R1, 1
;__Lib_Math.c,551 :: 		
0x016F	0x09F8      	COMF       R8, 1
;__Lib_Math.c,552 :: 		
0x0170	0x09F9      	COMF       R9, 1
;__Lib_Math.c,553 :: 		
0x0171	0x0AF8      	INCF       R8, 1
;__Lib_Math.c,554 :: 		
0x0172	0x1903      	BTFSC      STATUS, 2
;__Lib_Math.c,555 :: 		
0x0173	0x0AF9      	INCF       R9, 1
;__Lib_Math.c,557 :: 		
0x0174	0x3400      	RETLW      0
;__Lib_Math.c,559 :: 		
0x0175	0x1FF5      	BTFSS      R5, 7
;__Lib_Math.c,560 :: 		
0x0176	0x2984      	GOTO       $+14
;__Lib_Math.c,561 :: 		
0x0177	0x1BF1      	BTFSC      R1, 7
;__Lib_Math.c,562 :: 		
0x0178	0x2980      	GOTO       $+8
;__Lib_Math.c,563 :: 		
0x0179	0x0871      	MOVF       R1, 0
;__Lib_Math.c,564 :: 		
0x017A	0x00F9      	MOVWF      R9
;__Lib_Math.c,565 :: 		
0x017B	0x0870      	MOVF       R0, 0
;__Lib_Math.c,566 :: 		
0x017C	0x00F8      	MOVWF      R8
;__Lib_Math.c,567 :: 		
0x017D	0x01F1      	CLRF       R1
;__Lib_Math.c,568 :: 		
0x017E	0x01F0      	CLRF       R0
;__Lib_Math.c,569 :: 		
0x017F	0x2968      	GOTO       $-23
;__Lib_Math.c,570 :: 		
0x0180	0x01F1      	CLRF       R1
;__Lib_Math.c,571 :: 		
0x0181	0x01F0      	CLRF       R0
;__Lib_Math.c,572 :: 		
0x0182	0x0AF0      	INCF       R0, 1
;__Lib_Math.c,573 :: 		
0x0183	0x3400      	RETLW      0
;__Lib_Math.c,575 :: 		
0x0184	0x09F1      	COMF       R1, 1
;__Lib_Math.c,576 :: 		
0x0185	0x09F0      	COMF       R0, 1
;__Lib_Math.c,577 :: 		
0x0186	0x0AFB      	INCF       R11, 1
;__Lib_Math.c,578 :: 		
0x0187	0x2965      	GOTO       $-34
;__Lib_Math.c,580 :: 		
0x0188	0x0AF8      	INCF       R8, 1
;__Lib_Math.c,581 :: 		
0x0189	0x1903      	BTFSC      STATUS, 2
;__Lib_Math.c,582 :: 		
0x018A	0x0AF9      	INCF       R9, 1
;__Lib_Math.c,583 :: 		
0x018B	0x0874      	MOVF       R4, 0
;__Lib_Math.c,584 :: 		
0x018C	0x0278      	SUBWF      R8, 0
;__Lib_Math.c,585 :: 		
0x018D	0x1D03      	BTFSS      STATUS, 2
;__Lib_Math.c,586 :: 		
0x018E	0x2968      	GOTO       $-38
;__Lib_Math.c,587 :: 		
0x018F	0x0875      	MOVF       R5, 0
;__Lib_Math.c,588 :: 		
0x0190	0x0279      	SUBWF      R9, 0
;__Lib_Math.c,589 :: 		
0x0191	0x1D03      	BTFSS      STATUS, 2
;__Lib_Math.c,590 :: 		
0x0192	0x2968      	GOTO       $-42
;__Lib_Math.c,591 :: 		
0x0193	0x01F9      	CLRF       R9
;__Lib_Math.c,592 :: 		
0x0194	0x01F8      	CLRF       R8
;__Lib_Math.c,593 :: 		
0x0195	0x0AF0      	INCF       R0, 1
;__Lib_Math.c,594 :: 		
0x0196	0x1903      	BTFSC      STATUS, 2
;__Lib_Math.c,595 :: 		
0x0197	0x0AF1      	INCF       R1, 1
;__Lib_Math.c,596 :: 		
0x0198	0x1FF1      	BTFSS      R1, 7
;__Lib_Math.c,597 :: 		
0x0199	0x2968      	GOTO       $-49
;__Lib_Math.c,598 :: 		
0x019A	0x0000      	NOP
;__Lib_Math.c,599 :: 		
0x019B	0x34FF      	RETLW      255
;__Lib_Math.c,601 :: 		
0x019C	0x0008      	RETURN
; end of _Div_16x16_S
_Lcd_Init:
;__Lib_Lcd.c,84 :: 		
;__Lib_Lcd.c,86 :: 		
0x019D	0x1683      	BSF        STATUS, 5
0x019E	0x1303      	BCF        STATUS, 6
0x019F	0x1287      	BCF        LCD_EN_Direction, BitPos(LCD_EN_Direction+0)
;__Lib_Lcd.c,87 :: 		
0x01A0	0x1207      	BCF        LCD_RS_Direction, BitPos(LCD_RS_Direction+0)
;__Lib_Lcd.c,88 :: 		
0x01A1	0x1007      	BCF        LCD_D4_Direction, BitPos(LCD_D4_Direction+0)
;__Lib_Lcd.c,89 :: 		
0x01A2	0x1087      	BCF        LCD_D5_Direction, BitPos(LCD_D5_Direction+0)
;__Lib_Lcd.c,90 :: 		
0x01A3	0x1107      	BCF        LCD_D6_Direction, BitPos(LCD_D6_Direction+0)
;__Lib_Lcd.c,91 :: 		
0x01A4	0x1187      	BCF        LCD_D7_Direction, BitPos(LCD_D7_Direction+0)
;__Lib_Lcd.c,93 :: 		
0x01A5	0x1283      	BCF        STATUS, 5
0x01A6	0x1287      	BCF        LCD_EN, BitPos(LCD_EN+0)
;__Lib_Lcd.c,94 :: 		
0x01A7	0x1207      	BCF        LCD_RS, BitPos(LCD_RS+0)
;__Lib_Lcd.c,95 :: 		
0x01A8	0x1187      	BCF        LCD_D7, BitPos(LCD_D7+0)
;__Lib_Lcd.c,96 :: 		
0x01A9	0x1107      	BCF        LCD_D6, BitPos(LCD_D6+0)
;__Lib_Lcd.c,97 :: 		
0x01AA	0x1087      	BCF        LCD_D5, BitPos(LCD_D5+0)
;__Lib_Lcd.c,98 :: 		
0x01AB	0x1007      	BCF        LCD_D4, BitPos(LCD_D4+0)
;__Lib_Lcd.c,100 :: 		
0x01AC	0x2039      	CALL       _Delay_5500us
;__Lib_Lcd.c,101 :: 		
0x01AD	0x2039      	CALL       _Delay_5500us
;__Lib_Lcd.c,102 :: 		
0x01AE	0x2039      	CALL       _Delay_5500us
;__Lib_Lcd.c,105 :: 		
0x01AF	0x1487      	BSF        LCD_D5, BitPos(LCD_D5+0)
;__Lib_Lcd.c,106 :: 		
0x01B0	0x1407      	BSF        LCD_D4, BitPos(LCD_D4+0)
;__Lib_Lcd.c,107 :: 		
0x01B1	0x1687      	BSF        LCD_EN, BitPos(LCD_EN+0)
;__Lib_Lcd.c,108 :: 		
0x01B2	0x202F      	CALL       _Delay_1us
;__Lib_Lcd.c,109 :: 		
0x01B3	0x1287      	BCF        LCD_EN, BitPos(LCD_EN+0)
;__Lib_Lcd.c,110 :: 		
0x01B4	0x2039      	CALL       _Delay_5500us
;__Lib_Lcd.c,112 :: 		
0x01B5	0x1687      	BSF        LCD_EN, BitPos(LCD_EN+0)
;__Lib_Lcd.c,113 :: 		
0x01B6	0x202F      	CALL       _Delay_1us
;__Lib_Lcd.c,114 :: 		
0x01B7	0x1287      	BCF        LCD_EN, BitPos(LCD_EN+0)
;__Lib_Lcd.c,115 :: 		
0x01B8	0x2039      	CALL       _Delay_5500us
;__Lib_Lcd.c,117 :: 		
0x01B9	0x1687      	BSF        LCD_EN, BitPos(LCD_EN+0)
;__Lib_Lcd.c,118 :: 		
0x01BA	0x202F      	CALL       _Delay_1us
;__Lib_Lcd.c,119 :: 		
0x01BB	0x1287      	BCF        LCD_EN, BitPos(LCD_EN+0)
;__Lib_Lcd.c,120 :: 		
0x01BC	0x2039      	CALL       _Delay_5500us
;__Lib_Lcd.c,123 :: 		
0x01BD	0x1007      	BCF        LCD_D4, BitPos(LCD_D4+0)
;__Lib_Lcd.c,124 :: 		
0x01BE	0x1687      	BSF        LCD_EN, BitPos(LCD_EN+0)
;__Lib_Lcd.c,125 :: 		
0x01BF	0x202F      	CALL       _Delay_1us
;__Lib_Lcd.c,126 :: 		
0x01C0	0x1287      	BCF        LCD_EN, BitPos(LCD_EN+0)
;__Lib_Lcd.c,127 :: 		
0x01C1	0x2039      	CALL       _Delay_5500us
;__Lib_Lcd.c,130 :: 		
0x01C2	0x1687      	BSF        LCD_EN, BitPos(LCD_EN+0)
;__Lib_Lcd.c,131 :: 		
0x01C3	0x202F      	CALL       _Delay_1us
;__Lib_Lcd.c,132 :: 		
0x01C4	0x1287      	BCF        LCD_EN, BitPos(LCD_EN+0)
;__Lib_Lcd.c,134 :: 		
0x01C5	0x1087      	BCF        LCD_D5, BitPos(LCD_D5+0)
;__Lib_Lcd.c,135 :: 		
0x01C6	0x1587      	BSF        LCD_D7, BitPos(LCD_D7+0)
;__Lib_Lcd.c,136 :: 		
0x01C7	0x1687      	BSF        LCD_EN, BitPos(LCD_EN+0)
;__Lib_Lcd.c,137 :: 		
0x01C8	0x202F      	CALL       _Delay_1us
;__Lib_Lcd.c,138 :: 		
0x01C9	0x1287      	BCF        LCD_EN, BitPos(LCD_EN+0)
;__Lib_Lcd.c,139 :: 		
0x01CA	0x2039      	CALL       _Delay_5500us
;__Lib_Lcd.c,142 :: 		
0x01CB	0x1187      	BCF        LCD_D7, BitPos(LCD_D7+0)
;__Lib_Lcd.c,143 :: 		
0x01CC	0x1407      	BSF        LCD_D4, BitPos(LCD_D4+0)
;__Lib_Lcd.c,144 :: 		
0x01CD	0x1687      	BSF        LCD_EN, BitPos(LCD_EN+0)
;__Lib_Lcd.c,145 :: 		
0x01CE	0x202F      	CALL       _Delay_1us
;__Lib_Lcd.c,146 :: 		
0x01CF	0x1287      	BCF        LCD_EN, BitPos(LCD_EN+0)
;__Lib_Lcd.c,148 :: 		
0x01D0	0x1007      	BCF        LCD_D4, BitPos(LCD_D4+0)
;__Lib_Lcd.c,149 :: 		
0x01D1	0x1687      	BSF        LCD_EN, BitPos(LCD_EN+0)
;__Lib_Lcd.c,150 :: 		
0x01D2	0x202F      	CALL       _Delay_1us
;__Lib_Lcd.c,151 :: 		
0x01D3	0x1287      	BCF        LCD_EN, BitPos(LCD_EN+0)
;__Lib_Lcd.c,152 :: 		
0x01D4	0x2039      	CALL       _Delay_5500us
;__Lib_Lcd.c,155 :: 		
0x01D5	0x1687      	BSF        LCD_EN, BitPos(LCD_EN+0)
;__Lib_Lcd.c,156 :: 		
0x01D6	0x202F      	CALL       _Delay_1us
;__Lib_Lcd.c,157 :: 		
0x01D7	0x1287      	BCF        LCD_EN, BitPos(LCD_EN+0)
;__Lib_Lcd.c,159 :: 		
0x01D8	0x1407      	BSF        LCD_D4, BitPos(LCD_D4+0)
;__Lib_Lcd.c,160 :: 		
0x01D9	0x1687      	BSF        LCD_EN, BitPos(LCD_EN+0)
;__Lib_Lcd.c,161 :: 		
0x01DA	0x202F      	CALL       _Delay_1us
;__Lib_Lcd.c,162 :: 		
0x01DB	0x1287      	BCF        LCD_EN, BitPos(LCD_EN+0)
;__Lib_Lcd.c,163 :: 		
0x01DC	0x2039      	CALL       _Delay_5500us
;__Lib_Lcd.c,166 :: 		
0x01DD	0x1007      	BCF        LCD_D4, BitPos(LCD_D4+0)
;__Lib_Lcd.c,167 :: 		
0x01DE	0x1687      	BSF        LCD_EN, BitPos(LCD_EN+0)
;__Lib_Lcd.c,168 :: 		
0x01DF	0x202F      	CALL       _Delay_1us
;__Lib_Lcd.c,169 :: 		
0x01E0	0x1287      	BCF        LCD_EN, BitPos(LCD_EN+0)
;__Lib_Lcd.c,171 :: 		
0x01E1	0x1587      	BSF        LCD_D7, BitPos(LCD_D7+0)
;__Lib_Lcd.c,172 :: 		
0x01E2	0x1507      	BSF        LCD_D6, BitPos(LCD_D6+0)
;__Lib_Lcd.c,173 :: 		
0x01E3	0x1487      	BSF        LCD_D5, BitPos(LCD_D5+0)
;__Lib_Lcd.c,174 :: 		
0x01E4	0x1407      	BSF        LCD_D4, BitPos(LCD_D4+0)
;__Lib_Lcd.c,175 :: 		
0x01E5	0x1687      	BSF        LCD_EN, BitPos(LCD_EN+0)
;__Lib_Lcd.c,176 :: 		
0x01E6	0x202F      	CALL       _Delay_1us
;__Lib_Lcd.c,177 :: 		
0x01E7	0x1287      	BCF        LCD_EN, BitPos(LCD_EN+0)
;__Lib_Lcd.c,179 :: 		
0x01E8	0x2039      	CALL       _Delay_5500us
;__Lib_Lcd.c,181 :: 		
0x01E9	0x144A      	BSF        __Lib_Lcd_cmd_status, BitPos(__Lib_Lcd_cmd_status+0)
;__Lib_Lcd.c,182 :: 		
0x01EA	0x0008      	RETURN
; end of _Lcd_Init
___CC2DW:
;__Lib_System.c,24 :: 		
;__Lib_System.c,27 :: 		
_CC2D_Loop1:
;__Lib_System.c,29 :: 		
0x01EB	0x2084      	CALL       _____DoICP
0x01EC	0x118A      	BCF        PCLATH, 3
0x01ED	0x120A      	BCF        PCLATH, 4
;__Lib_System.c,31 :: 		
0x01EE	0x0080      	MOVWF      INDF
;__Lib_System.c,32 :: 		
0x01EF	0x0A84      	INCF       FSR, 1
;__Lib_System.c,33 :: 		
0x01F0	0x0AC8      	INCF       ___DoICPAddr, 1
;__Lib_System.c,35 :: 		
0x01F1	0x1903      	BTFSC      STATUS, 2
;__Lib_System.c,36 :: 		
0x01F2	0x0AC9      	INCF       ___DoICPAddr+1, 1
;__Lib_System.c,37 :: 		
0x01F3	0x03F0      	DECF       R0, 1
;__Lib_System.c,39 :: 		
0x01F4	0x1D03      	BTFSS      STATUS, 2
;__Lib_System.c,40 :: 		
0x01F5	0x29EB      	GOTO       _CC2D_Loop1
;__Lib_System.c,42 :: 		
0x01F6	0x0008      	RETURN
; end of ___CC2DW
_main:
0x01F7	0x22FC      	CALL       764
;TIMER_1_SIMPLE_SEC_MIN_LCD.c,39 :: 		void main()
;TIMER_1_SIMPLE_SEC_MIN_LCD.c,40 :: 		{   TRISA=0x00;
0x01F8	0x1683      	BSF        STATUS, 5
0x01F9	0x1303      	BCF        STATUS, 6
0x01FA	0x0185      	CLRF       TRISA
;TIMER_1_SIMPLE_SEC_MIN_LCD.c,41 :: 		TRISB=0x00;
0x01FB	0x0186      	CLRF       TRISB
;TIMER_1_SIMPLE_SEC_MIN_LCD.c,42 :: 		TRISC=0x00;
0x01FC	0x0187      	CLRF       TRISC
;TIMER_1_SIMPLE_SEC_MIN_LCD.c,43 :: 		ANSEL=0;
0x01FD	0x1283      	BCF        STATUS, 5
0x01FE	0x1703      	BSF        STATUS, 6
0x01FF	0x019E      	CLRF       ANSEL
;TIMER_1_SIMPLE_SEC_MIN_LCD.c,44 :: 		ANSELH=0;
0x0200	0x019F      	CLRF       ANSELH
;TIMER_1_SIMPLE_SEC_MIN_LCD.c,47 :: 		PORTB=0X00;
0x0201	0x0186      	CLRF       PORTB
;TIMER_1_SIMPLE_SEC_MIN_LCD.c,48 :: 		PORTA=0X00;
0x0202	0x0185      	CLRF       PORTA
;TIMER_1_SIMPLE_SEC_MIN_LCD.c,49 :: 		PORTC=0X00;
0x0203	0x0187      	CLRF       PORTC
;TIMER_1_SIMPLE_SEC_MIN_LCD.c,50 :: 		RA5_bit=0    ;
0x0204	0x1285      	BCF        RA5_bit, 5
;TIMER_1_SIMPLE_SEC_MIN_LCD.c,52 :: 		Lcd_Init();
0x0205	0x219D      	CALL       _Lcd_Init
;TIMER_1_SIMPLE_SEC_MIN_LCD.c,53 :: 		Lcd_Cmd(_LCD_CLEAR);               // Clear display
0x0206	0x3001      	MOVLW      1
0x0207	0x00D2      	MOVWF      FARG_Lcd_Cmd_out_char
0x0208	0x2044      	CALL       _Lcd_Cmd
;TIMER_1_SIMPLE_SEC_MIN_LCD.c,54 :: 		Lcd_Cmd(_LCD_CURSOR_OFF);
0x0209	0x300C      	MOVLW      12
0x020A	0x00D2      	MOVWF      FARG_Lcd_Cmd_out_char
0x020B	0x2044      	CALL       _Lcd_Cmd
;TIMER_1_SIMPLE_SEC_MIN_LCD.c,55 :: 		Lcd_Out(1,4,"00:00:00");
0x020C	0x3001      	MOVLW      1
0x020D	0x00CD      	MOVWF      FARG_Lcd_Out_row
0x020E	0x3004      	MOVLW      4
0x020F	0x00CE      	MOVWF      FARG_Lcd_Out_column
0x0210	0x302F      	MOVLW      ?lstr1_TIMER_1_SIMPLE_SEC_MIN_LCD
0x0211	0x00CF      	MOVWF      FARG_Lcd_Out_text
0x0212	0x20F4      	CALL       _Lcd_Out
;TIMER_1_SIMPLE_SEC_MIN_LCD.c,56 :: 		Lcd_Out(2,2,"24 HOUR CLOCK");
0x0213	0x3002      	MOVLW      2
0x0214	0x00CD      	MOVWF      FARG_Lcd_Out_row
0x0215	0x3002      	MOVLW      2
0x0216	0x00CE      	MOVWF      FARG_Lcd_Out_column
0x0217	0x3021      	MOVLW      ?lstr2_TIMER_1_SIMPLE_SEC_MIN_LCD
0x0218	0x00CF      	MOVWF      FARG_Lcd_Out_text
0x0219	0x20F4      	CALL       _Lcd_Out
;TIMER_1_SIMPLE_SEC_MIN_LCD.c,60 :: 		PEIE_bit=1; // ENABLE PERIPHERAL INTERRUPT
0x021A	0x170B      	BSF        PEIE_bit, 6
;TIMER_1_SIMPLE_SEC_MIN_LCD.c,61 :: 		GIE_bit=1;   // ENABLE GLOBAL INTERRUPT
0x021B	0x178B      	BSF        GIE_bit, 7
;TIMER_1_SIMPLE_SEC_MIN_LCD.c,63 :: 		TMR1GE_bit=0;  // IF TMR1ON IS HIGH,TIMER1 IS ON,
0x021C	0x1310      	BCF        TMR1GE_bit, 6
;TIMER_1_SIMPLE_SEC_MIN_LCD.c,65 :: 		T1CKPS1_bit=0;//  T1CON(BIT 5,T1CKPS1 AND BIT4,T1CKPS0) IS SET TO 0 FOR A PRESCALAR 1:1
0x021D	0x1290      	BCF        T1CKPS1_bit, 5
;TIMER_1_SIMPLE_SEC_MIN_LCD.c,66 :: 		T1CKPS0_bit=0;//
0x021E	0x1210      	BCF        T1CKPS0_bit, 4
;TIMER_1_SIMPLE_SEC_MIN_LCD.c,68 :: 		TMR1IF_bit=0;   // TIMER1 INTERRUPT FLAG BIT INITIALLY SET TO 0 BEFORE ACTIVATING TIMER1 INTTERUPT ON NEXT LINE
0x021F	0x100C      	BCF        TMR1IF_bit, 0
;TIMER_1_SIMPLE_SEC_MIN_LCD.c,69 :: 		TMR1IE_bit=1;  // ENABLE TIMER1 INTERRUPT ON OVERFLOW
0x0220	0x1683      	BSF        STATUS, 5
0x0221	0x140C      	BSF        TMR1IE_bit, 0
;TIMER_1_SIMPLE_SEC_MIN_LCD.c,71 :: 		TMR1CS_bit=0;  // INTERNAL CLOCK (FOSC/4)
0x0222	0x1283      	BCF        STATUS, 5
0x0223	0x1090      	BCF        TMR1CS_bit, 1
;TIMER_1_SIMPLE_SEC_MIN_LCD.c,73 :: 		TMR1H=0x3C;  // REGISTER VALUE OF TIMER1
0x0224	0x303C      	MOVLW      60
0x0225	0x008F      	MOVWF      TMR1H
;TIMER_1_SIMPLE_SEC_MIN_LCD.c,74 :: 		TMR1L=0xAF;
0x0226	0x30AF      	MOVLW      175
0x0227	0x008E      	MOVWF      TMR1L
;TIMER_1_SIMPLE_SEC_MIN_LCD.c,79 :: 		while (1)
L_main3:
;TIMER_1_SIMPLE_SEC_MIN_LCD.c,82 :: 		TMR1ON_bit =1;
0x0228	0x1410      	BSF        TMR1ON_bit, 0
;TIMER_1_SIMPLE_SEC_MIN_LCD.c,83 :: 		if (count==20)
0x0229	0x3000      	MOVLW      0
0x022A	0x063B      	XORWF      _count+1, 0
0x022B	0x1D03      	BTFSS      STATUS, 2
0x022C	0x2A2F      	GOTO       L__main12
0x022D	0x3014      	MOVLW      20
0x022E	0x063A      	XORWF      _count, 0
L__main12:
0x022F	0x1D03      	BTFSS      STATUS, 2
0x0230	0x2ACE      	GOTO       L_main5
;TIMER_1_SIMPLE_SEC_MIN_LCD.c,85 :: 		sec=(sec+1);
0x0231	0x0ABC      	INCF       _sec, 1
0x0232	0x1903      	BTFSC      STATUS, 2
0x0233	0x0ABD      	INCF       _sec+1, 1
;TIMER_1_SIMPLE_SEC_MIN_LCD.c,86 :: 		count=0;
0x0234	0x01BA      	CLRF       _count
0x0235	0x01BB      	CLRF       _count+1
;TIMER_1_SIMPLE_SEC_MIN_LCD.c,87 :: 		sec_7seg_MSB=sec/10;
0x0236	0x300A      	MOVLW      10
0x0237	0x00F4      	MOVWF      R4
0x0238	0x3000      	MOVLW      0
0x0239	0x00F5      	MOVWF      R4+1
0x023A	0x083C      	MOVF       _sec, 0
0x023B	0x00F0      	MOVWF      R0
0x023C	0x083D      	MOVF       _sec+1, 0
0x023D	0x00F1      	MOVWF      R0+1
0x023E	0x2134      	CALL       _Div_16x16_S
0x023F	0x0870      	MOVF       R0, 0
0x0240	0x00B8      	MOVWF      _sec_7seg_MSB
0x0241	0x0871      	MOVF       R0+1, 0
0x0242	0x00B9      	MOVWF      _sec_7seg_MSB+1
;TIMER_1_SIMPLE_SEC_MIN_LCD.c,88 :: 		sec_7seg_LSB=sec%10;
0x0243	0x300A      	MOVLW      10
0x0244	0x00F4      	MOVWF      R4
0x0245	0x3000      	MOVLW      0
0x0246	0x00F5      	MOVWF      R4+1
0x0247	0x083C      	MOVF       _sec, 0
0x0248	0x00F0      	MOVWF      R0
0x0249	0x083D      	MOVF       _sec+1, 0
0x024A	0x00F1      	MOVWF      R0+1
0x024B	0x2134      	CALL       _Div_16x16_S
0x024C	0x0878      	MOVF       R8, 0
0x024D	0x00F0      	MOVWF      R0
0x024E	0x0879      	MOVF       R8+1, 0
0x024F	0x00F1      	MOVWF      R0+1
0x0250	0x0870      	MOVF       R0, 0
0x0251	0x00C2      	MOVWF      _sec_7seg_LSB
0x0252	0x0871      	MOVF       R0+1, 0
0x0253	0x00C3      	MOVWF      _sec_7seg_LSB+1
;TIMER_1_SIMPLE_SEC_MIN_LCD.c,90 :: 		Lcd_Chr(1,10,(sec_7seg_MSB+48));
0x0254	0x3001      	MOVLW      1
0x0255	0x00CD      	MOVWF      FARG_Lcd_Chr_row
0x0256	0x300A      	MOVLW      10
0x0257	0x00CE      	MOVWF      FARG_Lcd_Chr_column
0x0258	0x3030      	MOVLW      48
0x0259	0x0738      	ADDWF      _sec_7seg_MSB, 0
0x025A	0x00CF      	MOVWF      FARG_Lcd_Chr_out_char
0x025B	0x20BF      	CALL       _Lcd_Chr
;TIMER_1_SIMPLE_SEC_MIN_LCD.c,91 :: 		Lcd_Chr_Cp((sec_7seg_LSB+48));
0x025C	0x3030      	MOVLW      48
0x025D	0x0742      	ADDWF      _sec_7seg_LSB, 0
0x025E	0x00D1      	MOVWF      FARG_Lcd_Chr_CP_out_char
0x025F	0x20B7      	CALL       _Lcd_Chr_CP
;TIMER_1_SIMPLE_SEC_MIN_LCD.c,95 :: 		if (sec==60)
0x0260	0x3000      	MOVLW      0
0x0261	0x063D      	XORWF      _sec+1, 0
0x0262	0x1D03      	BTFSS      STATUS, 2
0x0263	0x2A66      	GOTO       L__main13
0x0264	0x303C      	MOVLW      60
0x0265	0x063C      	XORWF      _sec, 0
L__main13:
0x0266	0x1D03      	BTFSS      STATUS, 2
0x0267	0x2ACE      	GOTO       L_main6
;TIMER_1_SIMPLE_SEC_MIN_LCD.c,97 :: 		sec=0;
0x0268	0x01BC      	CLRF       _sec
0x0269	0x01BD      	CLRF       _sec+1
;TIMER_1_SIMPLE_SEC_MIN_LCD.c,98 :: 		minute=( minute+1);
0x026A	0x0AC0      	INCF       _minute, 1
0x026B	0x1903      	BTFSC      STATUS, 2
0x026C	0x0AC1      	INCF       _minute+1, 1
;TIMER_1_SIMPLE_SEC_MIN_LCD.c,100 :: 		min_7seg_LSB_MSB[1]= minute/10;
0x026D	0x300A      	MOVLW      10
0x026E	0x00F4      	MOVWF      R4
0x026F	0x3000      	MOVLW      0
0x0270	0x00F5      	MOVWF      R4+1
0x0271	0x0840      	MOVF       _minute, 0
0x0272	0x00F0      	MOVWF      R0
0x0273	0x0841      	MOVF       _minute+1, 0
0x0274	0x00F1      	MOVWF      R0+1
0x0275	0x2134      	CALL       _Div_16x16_S
0x0276	0x0870      	MOVF       R0, 0
0x0277	0x00BF      	MOVWF      _min_7seg_LSB_MSB+1
;TIMER_1_SIMPLE_SEC_MIN_LCD.c,101 :: 		min_7seg_LSB_MSB[0]= minute%10;
0x0278	0x300A      	MOVLW      10
0x0279	0x00F4      	MOVWF      R4
0x027A	0x3000      	MOVLW      0
0x027B	0x00F5      	MOVWF      R4+1
0x027C	0x0840      	MOVF       _minute, 0
0x027D	0x00F0      	MOVWF      R0
0x027E	0x0841      	MOVF       _minute+1, 0
0x027F	0x00F1      	MOVWF      R0+1
0x0280	0x2134      	CALL       _Div_16x16_S
0x0281	0x0878      	MOVF       R8, 0
0x0282	0x00F0      	MOVWF      R0
0x0283	0x0879      	MOVF       R8+1, 0
0x0284	0x00F1      	MOVWF      R0+1
0x0285	0x0870      	MOVF       R0, 0
0x0286	0x00BE      	MOVWF      _min_7seg_LSB_MSB
;TIMER_1_SIMPLE_SEC_MIN_LCD.c,103 :: 		Lcd_Chr(1,7,(min_7seg_LSB_MSB[1]+48));
0x0287	0x3001      	MOVLW      1
0x0288	0x00CD      	MOVWF      FARG_Lcd_Chr_row
0x0289	0x3007      	MOVLW      7
0x028A	0x00CE      	MOVWF      FARG_Lcd_Chr_column
0x028B	0x3030      	MOVLW      48
0x028C	0x073F      	ADDWF      _min_7seg_LSB_MSB+1, 0
0x028D	0x00CF      	MOVWF      FARG_Lcd_Chr_out_char
0x028E	0x20BF      	CALL       _Lcd_Chr
;TIMER_1_SIMPLE_SEC_MIN_LCD.c,104 :: 		Lcd_Chr_Cp((min_7seg_LSB_MSB[0]+48));
0x028F	0x3030      	MOVLW      48
0x0290	0x073E      	ADDWF      _min_7seg_LSB_MSB, 0
0x0291	0x00D1      	MOVWF      FARG_Lcd_Chr_CP_out_char
0x0292	0x20B7      	CALL       _Lcd_Chr_CP
;TIMER_1_SIMPLE_SEC_MIN_LCD.c,106 :: 		if(minute==60)
0x0293	0x3000      	MOVLW      0
0x0294	0x0641      	XORWF      _minute+1, 0
0x0295	0x1D03      	BTFSS      STATUS, 2
0x0296	0x2A99      	GOTO       L__main14
0x0297	0x303C      	MOVLW      60
0x0298	0x0640      	XORWF      _minute, 0
L__main14:
0x0299	0x1D03      	BTFSS      STATUS, 2
0x029A	0x2ACE      	GOTO       L_main7
;TIMER_1_SIMPLE_SEC_MIN_LCD.c,109 :: 		hour=(hour+1);
0x029B	0x0AC6      	INCF       _hour, 1
0x029C	0x1903      	BTFSC      STATUS, 2
0x029D	0x0AC7      	INCF       _hour+1, 1
;TIMER_1_SIMPLE_SEC_MIN_LCD.c,111 :: 		hour_7seg_LSB_MSB[1]= hour/10;
0x029E	0x300A      	MOVLW      10
0x029F	0x00F4      	MOVWF      R4
0x02A0	0x3000      	MOVLW      0
0x02A1	0x00F5      	MOVWF      R4+1
0x02A2	0x0846      	MOVF       _hour, 0
0x02A3	0x00F0      	MOVWF      R0
0x02A4	0x0847      	MOVF       _hour+1, 0
0x02A5	0x00F1      	MOVWF      R0+1
0x02A6	0x2134      	CALL       _Div_16x16_S
0x02A7	0x0870      	MOVF       R0, 0
0x02A8	0x00C5      	MOVWF      _hour_7seg_LSB_MSB+1
;TIMER_1_SIMPLE_SEC_MIN_LCD.c,112 :: 		hour_7seg_LSB_MSB[0]= hour%10;
0x02A9	0x300A      	MOVLW      10
0x02AA	0x00F4      	MOVWF      R4
0x02AB	0x3000      	MOVLW      0
0x02AC	0x00F5      	MOVWF      R4+1
0x02AD	0x0846      	MOVF       _hour, 0
0x02AE	0x00F0      	MOVWF      R0
0x02AF	0x0847      	MOVF       _hour+1, 0
0x02B0	0x00F1      	MOVWF      R0+1
0x02B1	0x2134      	CALL       _Div_16x16_S
0x02B2	0x0878      	MOVF       R8, 0
0x02B3	0x00F0      	MOVWF      R0
0x02B4	0x0879      	MOVF       R8+1, 0
0x02B5	0x00F1      	MOVWF      R0+1
0x02B6	0x0870      	MOVF       R0, 0
0x02B7	0x00C4      	MOVWF      _hour_7seg_LSB_MSB
;TIMER_1_SIMPLE_SEC_MIN_LCD.c,114 :: 		Lcd_Chr(1,4,(hour_7seg_LSB_MSB[1]+48));
0x02B8	0x3001      	MOVLW      1
0x02B9	0x00CD      	MOVWF      FARG_Lcd_Chr_row
0x02BA	0x3004      	MOVLW      4
0x02BB	0x00CE      	MOVWF      FARG_Lcd_Chr_column
0x02BC	0x3030      	MOVLW      48
0x02BD	0x0745      	ADDWF      _hour_7seg_LSB_MSB+1, 0
0x02BE	0x00CF      	MOVWF      FARG_Lcd_Chr_out_char
0x02BF	0x20BF      	CALL       _Lcd_Chr
;TIMER_1_SIMPLE_SEC_MIN_LCD.c,115 :: 		Lcd_Chr_Cp((hour_7seg_LSB_MSB[0]+48));
0x02C0	0x3030      	MOVLW      48
0x02C1	0x0744      	ADDWF      _hour_7seg_LSB_MSB, 0
0x02C2	0x00D1      	MOVWF      FARG_Lcd_Chr_CP_out_char
0x02C3	0x20B7      	CALL       _Lcd_Chr_CP
;TIMER_1_SIMPLE_SEC_MIN_LCD.c,117 :: 		if (hour==12)
0x02C4	0x3000      	MOVLW      0
0x02C5	0x0647      	XORWF      _hour+1, 0
0x02C6	0x1D03      	BTFSS      STATUS, 2
0x02C7	0x2ACA      	GOTO       L__main15
0x02C8	0x300C      	MOVLW      12
0x02C9	0x0646      	XORWF      _hour, 0
L__main15:
0x02CA	0x1D03      	BTFSS      STATUS, 2
0x02CB	0x2ACE      	GOTO       L_main8
;TIMER_1_SIMPLE_SEC_MIN_LCD.c,119 :: 		hour=0;
0x02CC	0x01C6      	CLRF       _hour
0x02CD	0x01C7      	CLRF       _hour+1
;TIMER_1_SIMPLE_SEC_MIN_LCD.c,120 :: 		}
L_main8:
;TIMER_1_SIMPLE_SEC_MIN_LCD.c,121 :: 		}
L_main7:
;TIMER_1_SIMPLE_SEC_MIN_LCD.c,122 :: 		}
L_main6:
;TIMER_1_SIMPLE_SEC_MIN_LCD.c,123 :: 		}
L_main5:
;TIMER_1_SIMPLE_SEC_MIN_LCD.c,126 :: 		}
0x02CE	0x2A28      	GOTO       L_main3
;TIMER_1_SIMPLE_SEC_MIN_LCD.c,127 :: 		}
0x02CF	0x2ACF      	GOTO       $+0
; end of _main
0x02FC	0x3021      	MOVLW      33
0x02FD	0x0084      	MOVWF      FSR
0x02FE	0x3027      	MOVLW      39
0x02FF	0x1283      	BCF        STATUS, 5
0x0300	0x1303      	BCF        STATUS, 6
0x0301	0x00F0      	MOVWF      R0
0x0302	0x30D5      	MOVLW      213
0x0303	0x00C8      	MOVWF      ___DoICPAddr
0x0304	0x3002      	MOVLW      2
0x0305	0x00C9      	MOVWF      73
0x0306	0x21EB      	CALL       491
0x0307	0x0008      	RETURN
;TIMER_1_SIMPLE_SEC_MIN_LCD.c,0 :: ?ICS?lstr2_TIMER_1_SIMPLE_SEC_MIN_LCD
0x02D5	0x3432 ;?ICS?lstr2_TIMER_1_SIMPLE_SEC_MIN_LCD+0
0x02D6	0x3434 ;?ICS?lstr2_TIMER_1_SIMPLE_SEC_MIN_LCD+1
0x02D7	0x3420 ;?ICS?lstr2_TIMER_1_SIMPLE_SEC_MIN_LCD+2
0x02D8	0x3448 ;?ICS?lstr2_TIMER_1_SIMPLE_SEC_MIN_LCD+3
0x02D9	0x344F ;?ICS?lstr2_TIMER_1_SIMPLE_SEC_MIN_LCD+4
0x02DA	0x3455 ;?ICS?lstr2_TIMER_1_SIMPLE_SEC_MIN_LCD+5
0x02DB	0x3452 ;?ICS?lstr2_TIMER_1_SIMPLE_SEC_MIN_LCD+6
0x02DC	0x3420 ;?ICS?lstr2_TIMER_1_SIMPLE_SEC_MIN_LCD+7
0x02DD	0x3443 ;?ICS?lstr2_TIMER_1_SIMPLE_SEC_MIN_LCD+8
0x02DE	0x344C ;?ICS?lstr2_TIMER_1_SIMPLE_SEC_MIN_LCD+9
0x02DF	0x344F ;?ICS?lstr2_TIMER_1_SIMPLE_SEC_MIN_LCD+10
0x02E0	0x3443 ;?ICS?lstr2_TIMER_1_SIMPLE_SEC_MIN_LCD+11
0x02E1	0x344B ;?ICS?lstr2_TIMER_1_SIMPLE_SEC_MIN_LCD+12
0x02E2	0x3400 ;?ICS?lstr2_TIMER_1_SIMPLE_SEC_MIN_LCD+13
; end of ?ICS?lstr2_TIMER_1_SIMPLE_SEC_MIN_LCD
;TIMER_1_SIMPLE_SEC_MIN_LCD.c,0 :: ?ICS?lstr1_TIMER_1_SIMPLE_SEC_MIN_LCD
0x02E3	0x3430 ;?ICS?lstr1_TIMER_1_SIMPLE_SEC_MIN_LCD+0
0x02E4	0x3430 ;?ICS?lstr1_TIMER_1_SIMPLE_SEC_MIN_LCD+1
0x02E5	0x343A ;?ICS?lstr1_TIMER_1_SIMPLE_SEC_MIN_LCD+2
0x02E6	0x3430 ;?ICS?lstr1_TIMER_1_SIMPLE_SEC_MIN_LCD+3
0x02E7	0x3430 ;?ICS?lstr1_TIMER_1_SIMPLE_SEC_MIN_LCD+4
0x02E8	0x343A ;?ICS?lstr1_TIMER_1_SIMPLE_SEC_MIN_LCD+5
0x02E9	0x3430 ;?ICS?lstr1_TIMER_1_SIMPLE_SEC_MIN_LCD+6
0x02EA	0x3430 ;?ICS?lstr1_TIMER_1_SIMPLE_SEC_MIN_LCD+7
0x02EB	0x3400 ;?ICS?lstr1_TIMER_1_SIMPLE_SEC_MIN_LCD+8
; end of ?ICS?lstr1_TIMER_1_SIMPLE_SEC_MIN_LCD
;TIMER_1_SIMPLE_SEC_MIN_LCD.c,0 :: ?ICS_sec_7seg_MSB
0x02EC	0x3400 ;?ICS_sec_7seg_MSB+0
0x02ED	0x3400 ;?ICS_sec_7seg_MSB+1
; end of ?ICS_sec_7seg_MSB
;TIMER_1_SIMPLE_SEC_MIN_LCD.c,0 :: ?ICS_count
0x02EE	0x3400 ;?ICS_count+0
0x02EF	0x3400 ;?ICS_count+1
; end of ?ICS_count
;TIMER_1_SIMPLE_SEC_MIN_LCD.c,0 :: ?ICS_sec
0x02F0	0x3400 ;?ICS_sec+0
0x02F1	0x3400 ;?ICS_sec+1
; end of ?ICS_sec
;TIMER_1_SIMPLE_SEC_MIN_LCD.c,0 :: ?ICS_min_7seg_LSB_MSB
0x02F2	0x3400 ;?ICS_min_7seg_LSB_MSB+0
0x02F3	0x3400 ;?ICS_min_7seg_LSB_MSB+1
; end of ?ICS_min_7seg_LSB_MSB
;TIMER_1_SIMPLE_SEC_MIN_LCD.c,0 :: ?ICS_minute
0x02F4	0x3400 ;?ICS_minute+0
0x02F5	0x3400 ;?ICS_minute+1
; end of ?ICS_minute
;TIMER_1_SIMPLE_SEC_MIN_LCD.c,0 :: ?ICS_sec_7seg_LSB
0x02F6	0x3400 ;?ICS_sec_7seg_LSB+0
0x02F7	0x3400 ;?ICS_sec_7seg_LSB+1
; end of ?ICS_sec_7seg_LSB
;TIMER_1_SIMPLE_SEC_MIN_LCD.c,0 :: ?ICS_hour_7seg_LSB_MSB
0x02F8	0x3400 ;?ICS_hour_7seg_LSB_MSB+0
0x02F9	0x3400 ;?ICS_hour_7seg_LSB_MSB+1
; end of ?ICS_hour_7seg_LSB_MSB
;TIMER_1_SIMPLE_SEC_MIN_LCD.c,0 :: ?ICS_hour
0x02FA	0x3400 ;?ICS_hour+0
0x02FB	0x3400 ;?ICS_hour+1
; end of ?ICS_hour
Symbol List:
//** Routines locations **
//ADDRESS    SIZE    PROCEDURE
//----------------------------------------------
0x0004      [43]    _interrupt
0x002F       [2]    _Delay_1us
0x0031       [8]    _Delay_50us
0x0039      [11]    _Delay_5500us
0x0044      [64]    _Lcd_Cmd
0x0084       [7]    _____DoICP
0x008B      [44]    _Div_16x16_S_L
0x00B7       [8]    _Lcd_Chr_CP
0x00BF      [53]    _Lcd_Chr
0x00F4      [64]    _Lcd_Out
0x0134     [105]    _Div_16x16_S
0x019D      [78]    _Lcd_Init
0x01EB      [12]    ___CC2DW
0x01F7     [216]    _main
//** Variables locations ** 
//ADDRESS    SIZE    VARIABLE
//----------------------------------------------
0x0000       [1]    INDF
0x0001       [1]    TMR0
0x0002       [1]    PCL
0x0003       [0]    Z_bit
0x0003       [0]    DC_bit
0x0003       [0]    RP1_bit
0x0003       [0]    NOT_PD_bit
0x0003       [0]    RP0_bit
0x0003       [0]    NOT_TO_bit
0x0003       [1]    STATUS
0x0003       [0]    C_bit
0x0003       [0]    IRP_bit
0x0004       [1]    FSR
0x0004       [1]    FSRPTR
0x0005       [0]    RA3_bit
0x0005       [0]    RA2_bit
0x0005       [0]    RA5_bit
0x0005       [0]    RA1_bit
0x0005       [1]    PORTA
0x0005       [0]    RA0_bit
0x0005       [0]    RA4_bit
0x0006       [0]    RB4_bit
0x0006       [1]    PORTB
0x0006       [0]    RB5_bit
0x0006       [0]    RB6_bit
0x0006       [0]    RB7_bit
0x0007       [0]    RC7_bit
0x0007       [0]    RC4_bit
0x0007       [0]    RC1_bit
0x0007       [0]    RC2_bit
0x0007       [0]    RC3_bit
0x0007       [0]    RC5_bit
0x0007       [0]    RC6_bit
0x0007       [1]    PORTC
0x0007       [0]    RC0_bit
0x0007       [0]    LCD_D7
0x0007       [0]    LCD_EN
0x0007       [0]    LCD_RS
0x0007       [0]    LCD_D4
0x0007       [0]    LCD_D5
0x0007       [0]    LCD_D6
0x000A       [1]    PCLATH
0x000B       [0]    RABIE_bit
0x000B       [0]    INTE_bit
0x000B       [0]    PEIE_bit
0x000B       [0]    RABIF_bit
0x000B       [0]    GIE_bit
0x000B       [0]    T0IE_bit
0x000B       [0]    INTF_bit
0x000B       [1]    INTCON
0x000B       [0]    T0IF_bit
0x000C       [0]    ADIF_bit
0x000C       [0]    SSPIF_bit
0x000C       [0]    CCP1IF_bit
0x000C       [0]    T2IF_bit
0x000C       [0]    T1IF_bit
0x000C       [1]    PIR1
0x000C       [0]    RCIF_bit
0x000C       [0]    TMR1IF_bit
0x000C       [0]    TXIF_bit
0x000C       [0]    TMR2IF_bit
0x000D       [0]    C1IF_bit
0x000D       [1]    PIR2
0x000D       [0]    C2IF_bit
0x000D       [0]    OSFIF_bit
0x000D       [0]    EEIF_bit
0x000E       [1]    TMR1L
0x000F       [1]    TMR1H
0x0010       [0]    T1CKPS1_bit
0x0010       [0]    T1CKPS0_bit
0x0010       [0]    T1GINV_bit
0x0010       [0]    TMR1GE_bit
0x0010       [0]    T1OSCEN_bit
0x0010       [0]    TMR1CS_bit
0x0010       [1]    T1CON
0x0010       [0]    TMR1ON_bit
0x0010       [0]    NOT_T1SYNC_bit
0x0011       [1]    TMR2
0x0012       [1]    T2CON
0x0012       [0]    T2CKPS0_bit
0x0012       [0]    T2CKPS1_bit
0x0012       [0]    TMR2ON_bit
0x0012       [0]    TOUTPS3_bit
0x0012       [0]    TOUTPS1_bit
0x0012       [0]    TOUTPS2_bit
0x0012       [0]    TOUTPS0_bit
0x0013       [1]    SSPBUF
0x0014       [0]    SSPOV_bit
0x0014       [0]    SSPEN_bit
0x0014       [0]    CKP_bit
0x0014       [0]    SSPM0_bit
0x0014       [0]    SSPM1_bit
0x0014       [0]    SSPM2_bit
0x0014       [1]    SSPCON
0x0014       [0]    SSPM3_bit
0x0014       [0]    WCOL_bit
0x0015       [1]    CCPR1L
0x0015       [2]    CCPR
0x0016       [1]    CCPR1H
0x0017       [0]    P1M0_bit
0x0017       [0]    DC1B1_bit
0x0017       [1]    CCP1CON
0x0017       [0]    P1M1_bit
0x0017       [0]    CCP1M1_bit
0x0017       [0]    CCP1M0_bit
0x0017       [0]    CCP1M2_bit
0x0017       [0]    DC1B0_bit
0x0017       [0]    CCP1M3_bit
0x0018       [0]    FERR_bit
0x0018       [0]    ADDEN_bit
0x0018       [0]    RX9D_bit
0x0018       [0]    OERR_bit
0x0018       [1]    RCSTA
0x0018       [0]    RX9_bit
0x0018       [0]    SREN_bit
0x0018       [0]    CREN_bit
0x0018       [0]    SPEN_bit
0x0019       [1]    TXREG
0x001A       [1]    RCREG
0x001C       [0]    PDC5_bit
0x001C       [0]    PDC1_bit
0x001C       [0]    PDC2_bit
0x001C       [0]    PDC3_bit
0x001C       [0]    PDC6_bit
0x001C       [0]    PRSEN_bit
0x001C       [1]    PWM1CON
0x001C       [0]    PDC4_bit
0x001C       [0]    PDC0_bit
0x001D       [0]    ECCPAS0_bit
0x001D       [0]    ECCPASE_bit
0x001D       [0]    ECCPAS1_bit
0x001D       [0]    PSSBD0_bit
0x001D       [0]    PSSAC0_bit
0x001D       [0]    ECCPAS2_bit
0x001D       [0]    PSSBD1_bit
0x001D       [0]    PSSAC1_bit
0x001D       [1]    ECCPAS
0x001E       [1]    ADRESH
0x001F       [0]    ADON_bit
0x001F       [0]    CHS3_bit
0x001F       [0]    VCFG_bit
0x001F       [0]    ADFM_bit
0x001F       [1]    ADCON0
0x001F       [0]    CHS2_bit
0x001F       [0]    NOT_DONE_bit
0x001F       [0]    GO_DONE_bit
0x001F       [0]    GO_bit
0x001F       [0]    CHS1_bit
0x001F       [0]    CHS0_bit
0x0021      [14]    ?lstr2_TIMER_1_SIMPLE_SEC_MIN_LCD
0x002F       [9]    ?lstr1_TIMER_1_SIMPLE_SEC_MIN_LCD
0x0038       [2]    _sec_7seg_MSB
0x003A       [2]    _count
0x003C       [2]    _sec
0x003E       [2]    _min_7seg_LSB_MSB
0x0040       [2]    _minute
0x0042       [2]    _sec_7seg_LSB
0x0044       [2]    _hour_7seg_LSB_MSB
0x0046       [2]    _hour
0x0048       [2]    ___DoICPAddr
0x004A       [0]    __Lib_Lcd_cmd_status
0x004B       [1]    ___savePCLATH
0x004C       [1]    ___saveSTATUS
0x004D       [1]    FARG_Lcd_Chr_row
0x004D       [1]    FARG_Lcd_Out_row
0x004E       [1]    FARG_Lcd_Out_column
0x004E       [1]    FARG_Lcd_Chr_column
0x004F       [1]    FARG_Lcd_Chr_out_char
0x004F       [1]    FARG_Lcd_Out_text
0x0050       [1]    Lcd_Out_i_L0
0x0051       [1]    FARG_Lcd_Chr_CP_out_char
0x0052       [1]    FARG_Lcd_Cmd_out_char
0x0070       [1]    R0
0x0071       [1]    R1
0x0072       [1]    R2
0x0073       [1]    R3
0x0074       [1]    R4
0x0075       [1]    R5
0x0076       [1]    R6
0x0077       [1]    R7
0x0078       [1]    R8
0x0079       [1]    R9
0x007A       [1]    R10
0x007B       [1]    R11
0x007C       [1]    R12
0x007D       [1]    R13
0x007E       [1]    R14
0x007F       [1]    R15
0x0081       [0]    T0SE_bit
0x0081       [0]    PSA_bit
0x0081       [0]    T0CS_bit
0x0081       [0]    NOT_RABPU_bit
0x0081       [0]    INTEDG_bit
0x0081       [0]    PS2_bit
0x0081       [0]    PS0_bit
0x0081       [0]    PS1_bit
0x0081       [1]    OPTION_REG
0x0085       [0]    TRISA3_bit
0x0085       [0]    TRISA4_bit
0x0085       [0]    TRISA2_bit
0x0085       [0]    TRISA0_bit
0x0085       [0]    TRISA1_bit
0x0085       [0]    TRISA5_bit
0x0085       [1]    TRISA
0x0086       [0]    TRISB6_bit
0x0086       [0]    TRISB5_bit
0x0086       [0]    TRISB4_bit
0x0086       [0]    TRISB7_bit
0x0086       [1]    TRISB
0x0087       [0]    TRISC1_bit
0x0087       [0]    TRISC0_bit
0x0087       [0]    TRISC4_bit
0x0087       [0]    TRISC5_bit
0x0087       [0]    TRISC2_bit
0x0087       [0]    TRISC3_bit
0x0087       [0]    TRISC7_bit
0x0087       [0]    LCD_D4_Direction
0x0087       [0]    TRISC6_bit
0x0087       [1]    TRISC
0x0087       [0]    LCD_D5_Direction
0x0087       [0]    LCD_EN_Direction
0x0087       [0]    LCD_RS_Direction
0x0087       [0]    LCD_D6_Direction
0x0087       [0]    LCD_D7_Direction
0x008C       [1]    PIE1
0x008C       [0]    T2IE_bit
0x008C       [0]    CCP1IE_bit
0x008C       [0]    TMR2IE_bit
0x008C       [0]    TMR1IE_bit
0x008C       [0]    T1IE_bit
0x008C       [0]    SSPIE_bit
0x008C       [0]    RCIE_bit
0x008C       [0]    ADIE_bit
0x008C       [0]    TXIE_bit
0x008D       [0]    OSFIE_bit
0x008D       [0]    C2IE_bit
0x008D       [0]    EEIE_bit
0x008D       [0]    C1IE_bit
0x008D       [1]    PIE2
0x008E       [0]    SBOREN_bit
0x008E       [0]    NOT_BOR_bit
0x008E       [0]    NOT_POR_bit
0x008E       [0]    ULPWUE_bit
0x008E       [1]    PCON
0x008F       [0]    OSTS_bit
0x008F       [0]    IRCF0_bit
0x008F       [0]    SCS_bit
0x008F       [0]    LTS_bit
0x008F       [0]    HTS_bit
0x008F       [1]    OSCCON
0x008F       [0]    IRCF2_bit
0x008F       [0]    IRCF1_bit
0x0090       [0]    TUN2_bit
0x0090       [0]    TUN3_bit
0x0090       [0]    TUN0_bit
0x0090       [0]    TUN1_bit
0x0090       [1]    OSCTUNE
0x0090       [0]    TUN4_bit
0x0092       [1]    PR2
0x0093       [1]    SSPADD
0x0093       [1]    MSK
0x0093       [1]    SSPMSK
0x0094       [0]    I2C_READ_bit
0x0094       [0]    NOT_W_bit
0x0094       [0]    I2C_START__bit
0x0094       [0]    R_bit
0x0094       [0]    NOT_WRITE_bit
0x0094       [0]    UA_bit
0x0094       [0]    BF_bit
0x0094       [0]    R_W_bit
0x0094       [0]    READ_WRITE_bit
0x0094       [0]    D_bit
0x0094       [0]    I2C_DATA_bit
0x0094       [0]    NOT_A_bit
0x0094       [0]    CKE_bit
0x0094       [0]    SMP_bit
0x0094       [1]    SSPSTAT
0x0094       [0]    NOT_ADDRESS_bit
0x0094       [0]    I2C_STOP__bit
0x0094       [0]    S_bit
0x0094       [0]    P_bit
0x0094       [0]    D_A_bit
0x0094       [0]    DATA_ADDRESS_bit
0x0095       [0]    WPUA0_bit
0x0095       [1]    WPUA
0x0095       [1]    WPU
0x0095       [0]    WPUA1_bit
0x0095       [0]    WPUA4_bit
0x0095       [0]    WPUA2_bit
0x0095       [0]    WPUA5_bit
0x0096       [1]    IOC
0x0096       [0]    IOC0_bit
0x0096       [0]    IOCA5_bit
0x0096       [0]    IOCA1_bit
0x0096       [0]    IOCA0_bit
0x0096       [0]    IOCA2_bit
0x0096       [0]    IOCA4_bit
0x0096       [0]    IOCA3_bit
0x0096       [0]    IOC1_bit
0x0096       [0]    IOC4_bit
0x0096       [0]    IOC5_bit
0x0096       [0]    IOC3_bit
0x0096       [1]    IOCA
0x0096       [0]    IOC2_bit
0x0097       [0]    WDTPS0_bit
0x0097       [0]    SWDTEN_bit
0x0097       [0]    WDTPS1_bit
0x0097       [0]    WDTPS3_bit
0x0097       [0]    WDTPS2_bit
0x0097       [1]    WDTCON
0x0098       [0]    SENB_bit
0x0098       [0]    SYNC_bit
0x0098       [0]    TXEN_bit
0x0098       [0]    TRMT_bit
0x0098       [0]    BRGH_bit
0x0098       [0]    TX9D_bit
0x0098       [1]    TXSTA
0x0098       [0]    CSRC_bit
0x0098       [0]    TX9_bit
0x0099       [0]    BRG3_bit
0x0099       [0]    BRG4_bit
0x0099       [0]    BRG2_bit
0x0099       [0]    BRG0_bit
0x0099       [0]    BRG1_bit
0x0099       [0]    BRG5_bit
0x0099       [1]    SPBRG
0x0099       [0]    BRG7_bit
0x0099       [0]    BRG6_bit
0x009A       [0]    BRG10_bit
0x009A       [0]    BRG11_bit
0x009A       [0]    BRG9_bit
0x009A       [0]    BRG8_bit
0x009A       [1]    SPBRGH
0x009A       [0]    BRG12_bit
0x009A       [0]    BRG15_bit
0x009A       [0]    BRG14_bit
0x009A       [0]    BRG13_bit
0x009B       [0]    WUE_bit
0x009B       [0]    BRG16_bit
0x009B       [1]    BAUDCTL
0x009B       [0]    ABDEN_bit
0x009B       [0]    ABDOVF_bit
0x009B       [0]    RCIDL_bit
0x009B       [0]    SCKP_bit
0x009E       [1]    ADRESL
0x009F       [1]    ADCON1
0x009F       [0]    ADCS0_bit
0x009F       [0]    ADCS2_bit
0x009F       [0]    ADCS1_bit
0x010C       [1]    EEDAT
0x010C       [1]    EEDATA
0x010D       [1]    EEADR
0x010E       [1]    EEDATH
0x010F       [1]    EEADRH
0x0115       [0]    WPUB6_bit
0x0115       [0]    WPUB5_bit
0x0115       [0]    WPUB4_bit
0x0115       [0]    WPUB7_bit
0x0115       [1]    WPUB
0x0116       [0]    IOCB5_bit
0x0116       [0]    IOCB4_bit
0x0116       [0]    IOCB6_bit
0x0116       [1]    IOCB
0x0116       [0]    IOCB7_bit
0x0118       [0]    VR1_bit
0x0118       [0]    VR2_bit
0x0118       [1]    VRCON
0x0118       [0]    VR0_bit
0x0118       [0]    VR3_bit
0x0118       [0]    C2VREN_bit
0x0118       [0]    C1VREN_bit
0x0118       [0]    VP6EN_bit
0x0118       [0]    VRR_bit
0x0119       [0]    C1CH1_bit
0x0119       [0]    C1CH0_bit
0x0119       [1]    CM1CON0
0x0119       [0]    C1R_bit
0x0119       [0]    C1ON_bit
0x0119       [0]    C1OUT_bit
0x0119       [0]    C1POL_bit
0x0119       [0]    C1OE_bit
0x011A       [0]    C2CH1_bit
0x011A       [0]    C2CH0_bit
0x011A       [1]    CM2CON0
0x011A       [0]    C2OUT_bit
0x011A       [0]    C2ON_bit
0x011A       [0]    C2OE_bit
0x011A       [0]    C2R_bit
0x011A       [0]    C2POL_bit
0x011B       [1]    CM2CON1
0x011B       [0]    T1GSS_bit
0x011B       [0]    C2SYNC_bit
0x011B       [0]    MC1OUT_bit
0x011B       [0]    MC2OUT_bit
0x011E       [0]    ANS1_bit
0x011E       [0]    ANS2_bit
0x011E       [1]    ANSEL
0x011E       [0]    ANS0_bit
0x011E       [0]    ANS3_bit
0x011E       [0]    ANS6_bit
0x011E       [0]    ANS7_bit
0x011E       [0]    ANS4_bit
0x011E       [0]    ANS5_bit
0x011F       [0]    ANS8_bit
0x011F       [1]    ANSELH
0x011F       [0]    ANS11_bit
0x011F       [0]    ANS10_bit
0x011F       [0]    ANS9_bit
0x018C       [0]    RD_bit
0x018C       [0]    WR_bit
0x018C       [0]    WREN_bit
0x018C       [0]    EEPGD_bit
0x018C       [0]    WRERR_bit
0x018C       [1]    EECON1
0x018D       [1]    EECON2
0x019D       [1]    PSTRCON
0x019D       [0]    STRC_bit
0x019D       [0]    STRD_bit
0x019D       [0]    STRSYNC_bit
0x019D       [0]    STRA_bit
0x019D       [0]    STRB_bit
0x019E       [0]    SR0_bit
0x019E       [0]    PULSR_bit
0x019E       [1]    SRCON
0x019E       [0]    C1SEN_bit
0x019E       [0]    C2REN_bit
0x019E       [0]    SR1_bit
0x019E       [0]    PULSS_bit
//** Constants locations ** 
//ADDRESS    SIZE    CONSTANT
//----------------------------------------------
0x02D5      [14]    ?ICS?lstr2_TIMER_1_SIMPLE_SEC_MIN_LCD
0x02E3       [9]    ?ICS?lstr1_TIMER_1_SIMPLE_SEC_MIN_LCD
0x02EC       [2]    ?ICS_sec_7seg_MSB
0x02EE       [2]    ?ICS_count
0x02F0       [2]    ?ICS_sec
0x02F2       [2]    ?ICS_min_7seg_LSB_MSB
0x02F4       [2]    ?ICS_minute
0x02F6       [2]    ?ICS_sec_7seg_LSB
0x02F8       [2]    ?ICS_hour_7seg_LSB_MSB
0x02FA       [2]    ?ICS_hour
//** Label List: ** 
//----------------------------------------------
  L_interrupt0
  L_interrupt1
  L_interrupt2
  L_main3
  L_main4
  L_main5
  L_main6
  L_main7
  L_main8
  _interrupt
  L__interrupt9
  L__interrupt10
  L__interrupt11
  _main
  L__main12
  L__main13
  L__main14
  L__main15
  L_Delay_10us0
  L_Delay_22us1
  L_Delay_50us2
  L_Delay_80us3
  L_Delay_500us4
  L_Delay_5500us5
  L_Delay_1ms6
  L_Delay_5ms7
  L_Delay_8ms8
  L_Delay_100ms9
  L_Delay_1sec10
  L_boot16_Delay_5ms11
  L_Delay_Cyc12
  L_Delay_Cyc13
  L_VDelay_ms14
  L_VDelay_ms15
  L_VDelay_ms16
  L_VDelay_Advanced_ms17
  L_VDelay_Advanced_ms18
  L_VDelay_Advanced_ms19
  _Get_Fosc_kHz
  _Delay_1us
  _Delay_10us
  _Delay_22us
  _Delay_50us
  _Delay_80us
  _Delay_500us
  _Delay_5500us
  _Delay_1ms
  _Delay_5ms
  _Delay_8ms
  _Delay_100ms
  _Delay_1sec
  _boot16_Delay_5ms
  _Delay_Cyc
  _VDelay_ms
  L__VDelay_ms20
  L__VDelay_ms21
  L__VDelay_ms22
  _VDelay_Advanced_ms
  L__VDelay_Advanced_ms23
  L__VDelay_Advanced_ms24
  L__VDelay_Advanced_ms25
  L_Lcd_Cmd0
  L_Lcd_Cmd1
  L_Lcd_Out_CP2
  L_Lcd_Out_CP3
  L_Lcd_Chr4
  L_Lcd_Chr5
  L_Lcd_Chr6
  L_Lcd_Chr7
  L_Lcd_Chr8
  L_Lcd_Chr9
  L_Lcd_Chr10
  L_Lcd_Out11
  L_Lcd_Out12
  L_Lcd_Out13
  L_Lcd_Out14
  L_Lcd_Out15
  L_Lcd_Out16
  L_Lcd_Out17
  L_Lcd_Out18
  L_Lcd_Out19
  _Lcd_Cmd
  L__Lcd_Cmd20
  L__Lcd_Cmd21
  L__Lcd_Cmd22
  L__Lcd_Cmd23
  L__Lcd_Cmd24
  L__Lcd_Cmd25
  L__Lcd_Cmd26
  L__Lcd_Cmd27
  L__Lcd_Cmd28
  L__Lcd_Cmd29
  L__Lcd_Cmd30
  L__Lcd_Cmd31
  L__Lcd_Cmd32
  L__Lcd_Cmd33
  L__Lcd_Cmd34
  L__Lcd_Cmd35
  L__Lcd_Cmd36
  L__Lcd_Cmd37
  L__Lcd_Cmd38
  L__Lcd_Cmd39
  _Lcd_Chr_CP
  _Lcd_Out_CP
  _Lcd_Chr
  _Lcd_Init
  _Lcd_Out
  L_Div_16x16_S0
  L_Div_16x16_S1
  LOOPS3232A
  SADD22LA
  SOK22LA
  SADD22L8
  SOK22L8
  LOOPS3232B
  SADD22LB
  SOK22LB
  SADD22L16
  SOK22L16
  LOOPS3232C
  SADD22LC
  SOK22LC
  SADD22L24
  SOK22L24
  LOOPS3232D
  SADD22LD
  SOK22LD
  SOK22L
  L_Div_32x32_S6
  L_Div_32x32_S7
  L_Div_32x32_S8
  L_Div_32x32_S9
  FXD3232S
  END_ALL
  CA3232S
  C3232SX
  C3232SX1
  C3232S
  C3232S2
  C3232SX4
  C3232SOK
  C3232SX3
  C3232SX2
  avoid_comfrem
  LOOPU3232A
  UADD22LA
  UOK22LA
  UADD22L8
  UOK22L8
  LOOPU3232B
  UADD22LB
  UOK22LB
  UADD22L16
  UOK22L16
  LOOPU3232C
  UADD22LC
  UOK22LC
  UADD22L24
  UOK22L24
  LOOPU3232D
  UADD22LD
  UOK22LD
  UOK22L
  _NEXT
  _EXIT2
  _LOOP
  _EXIT1
  _IF_FIRST
  _IF_SECOND
  _INVERCE_FIRST
  _MULT
  _INBERSE_SECOND
  _EXIT
  _Mul_8x8_U
  _Mul_16x16_U
  _Div_8x8_U
  _Div_16x16_U
  _Mul_8x8_S
  _Mul_16x16_S
  _Div_16x16_S_L
  _Div_16x16_S
  _Div_8x8_S
  _SDIV3232L
  _COMFREM
  _Div_32x32_S
  _Div_32x32_U
  _Mul_32x32_U
  _Mul_32x32_S
  _CC2D_Loop1
  _____DoICP
  _____DoIFC
  ___CC2DW
  _Swap
  L_interrupt0
  L_interrupt1
  L_interrupt2
  L_main3
  L_main4
  L_main5
  L_main6
  L_main7
  L_main8
  _interrupt
  L__interrupt9
  L__interrupt10
  L__interrupt11
  _main
  L__main12
  L__main13
  L__main14
  L__main15
